This is pdfTeX, Version 3.141592653-2.6-1.40.29 (TeX Live 2026/Homebrew) (preloaded format=pdflatex 2026.3.4)  22 MAR 2026 15:42
entering extended mode
 restricted \write18 enabled.
 %&-line parsing enabled.
**sbi.tex
(./sbi.tex
LaTeX2e <2025-11-01>
L3 programming layer <2026-01-19>

(/opt/homebrew/Cellar/texlive/20260301/share/texmf-dist/tex/latex/koma-script/s
crbook.cls
Document Class: scrbook 2026/02/02 v3.49.2 KOMA-Script document class (book)

(/opt/homebrew/Cellar/texlive/20260301/share/texmf-dist/tex/latex/koma-script/s
crkbase.sty
Package: scrkbase 2026/02/02 v3.49.2 KOMA-Script package (KOMA-Script-dependent
 basics and keyval usage)

(/opt/homebrew/Cellar/texlive/20260301/share/texmf-dist/tex/latex/koma-script/s
crbase.sty
Package: scrbase 2026/02/02 v3.49.2 KOMA-Script package (KOMA-Script-independen
t basics and keyval usage)

(/opt/homebrew/Cellar/texlive/20260301/share/texmf-dist/tex/latex/koma-script/s
crlfile.sty
Package: scrlfile 2026/02/02 v3.49.2 KOMA-Script package (file load hooks)

(/opt/homebrew/Cellar/texlive/20260301/share/texmf-dist/tex/latex/koma-script/s
crlfile-hook.sty
Package: scrlfile-hook 2026/02/02 v3.49.2 KOMA-Script package (using LaTeX hook
s)

(/opt/homebrew/Cellar/texlive/20260301/share/texmf-dist/tex/latex/koma-script/s
crlogo.sty
Package: scrlogo 2026/02/02 v3.49.2 KOMA-Script package (logo)
)))
(/opt/homebrew/Cellar/texlive/20260301/share/texmf-dist/tex/latex/graphics/keyv
al.sty
Package: keyval 2022/05/29 v1.15 key=value parser (DPC)
\KV@toks@=\toks17
)
Applying: [2021/05/01] Usage of raw or classic option list on input line 254.
Already applied: [0000/00/00] Usage of raw or classic option list on input line
 370.
))
(/opt/homebrew/Cellar/texlive/20260301/share/texmf-dist/tex/latex/koma-script/t
ocbasic.sty
Package: tocbasic 2026/02/02 v3.49.2 KOMA-Script package (handling toc-files)
\scr@dte@tocline@numberwidth=\skip49
\scr@dte@tocline@numbox=\box53
)
Package tocbasic Info: omitting babel extension for `toc'
(tocbasic)             because of feature `nobabel' available
(tocbasic)             for `toc' on input line 143.
Class scrbook Info: File `scrsize11pt.clo' used instead of
(scrbook)           file `scrsize11.clo' to setup font sizes on input line 2713
.

(/opt/homebrew/Cellar/texlive/20260301/share/texmf-dist/tex/latex/koma-script/s
crsize11pt.clo
File: scrsize11pt.clo 2026/02/02 v3.49.2 KOMA-Script font size class option (11
pt)
)
(/opt/homebrew/Cellar/texlive/20260301/share/texmf-dist/tex/latex/koma-script/t
ypearea.sty
Package: typearea 2026/02/02 v3.49.2 KOMA-Script package (type area)
\ta@bcor=\skip50
\ta@div=\count275
\ta@hblk=\skip51
\ta@vblk=\skip52
\ta@temp=\skip53
\footheight=\skip54
Package typearea Info: These are the values describing the layout:
(typearea)             DIV  = 10
(typearea)             BCOR = 0.0pt
(typearea)             \paperwidth      = 597.50793pt
(typearea)              \textwidth      = 418.25555pt
(typearea)              DIV departure   = -6%
(typearea)              \evensidemargin = 47.2316pt
(typearea)              \oddsidemargin  = -12.5192pt
(typearea)             \paperheight     = 845.04694pt
(typearea)              \textheight     = 595.80026pt
(typearea)              \topmargin      = -25.16531pt
(typearea)              \headheight     = 17.0pt
(typearea)              \headsep        = 20.40001pt
(typearea)              \topskip        = 11.0pt
(typearea)              \footskip       = 47.6pt
(typearea)              \baselineskip   = 13.6pt
(typearea)              on input line 1810.
)
\c@part=\count276
\c@chapter=\count277
\c@section=\count278
\c@subsection=\count279
\c@subsubsection=\count280
\c@paragraph=\count281
\c@subparagraph=\count282
\scr@dte@chapter@maxnumwidth=\skip55
Class scrbook Info: using compatibility default `afterindent=bysign'
(scrbook)           for `\chapter on input line 5945.
\scr@dte@section@maxnumwidth=\skip56
Class scrbook Info: using compatibility default `runin=bysign'
(scrbook)           for `\section on input line 5956.
Class scrbook Info: using compatibility default `afterindent=bysign'
(scrbook)           for `\section on input line 5956.
\scr@dte@part@maxnumwidth=\skip57
Class scrbook Info: using compatibility default `afterindent=true'
(scrbook)           for `\part on input line 5965.
\scr@dte@subsection@maxnumwidth=\skip58
Class scrbook Info: using compatibility default `runin=bysign'
(scrbook)           for `\subsection on input line 5975.
Class scrbook Info: using compatibility default `afterindent=bysign'
(scrbook)           for `\subsection on input line 5975.
\scr@dte@subsubsection@maxnumwidth=\skip59
Class scrbook Info: using compatibility default `runin=bysign'
(scrbook)           for `\subsubsection on input line 5985.
Class scrbook Info: using compatibility default `afterindent=bysign'
(scrbook)           for `\subsubsection on input line 5985.
\scr@dte@paragraph@maxnumwidth=\skip60
Class scrbook Info: using compatibility default `runin=bysign'
(scrbook)           for `\paragraph on input line 5996.
Class scrbook Info: using compatibility default `afterindent=bysign'
(scrbook)           for `\paragraph on input line 5996.
\scr@dte@subparagraph@maxnumwidth=\skip61
Class scrbook Info: using compatibility default `runin=bysign'
(scrbook)           for `\subparagraph on input line 6006.
Class scrbook Info: using compatibility default `afterindent=bysign'
(scrbook)           for `\subparagraph on input line 6006.
\abovecaptionskip=\skip62
\belowcaptionskip=\skip63
\c@pti@nb@sid@b@x=\box54
Package tocbasic Info: omitting babel extension for `lof'
(tocbasic)             because of feature `nobabel' available
(tocbasic)             for `lof' on input line 7242.
\scr@dte@figure@maxnumwidth=\skip64
\c@figure=\count283
Package tocbasic Info: omitting babel extension for `lot'
(tocbasic)             because of feature `nobabel' available
(tocbasic)             for `lot' on input line 7255.
\scr@dte@table@maxnumwidth=\skip65
\c@table=\count284
Class scrbook Info: Redefining `\numberline' on input line 7426.
\bibindent=\dimen148
) (./ubonn-thesis.sty
Package: ubonn-thesis 2025/12/12 Version 13.0.0 University of Bonn thesis packa
ge

(/opt/homebrew/Cellar/texlive/20260301/share/texmf-dist/tex/latex/base/ifthen.s
ty
Package: ifthen 2024/03/16 v1.1e Standard LaTeX ifthen package (DPC)
)
(/opt/homebrew/Cellar/texlive/20260301/share/texmf-dist/tex/latex/kvoptions/kvo
ptions.sty
Package: kvoptions 2022-06-15 v3.15 Key value format for package options (HO)

(/opt/homebrew/Cellar/texlive/20260301/share/texmf-dist/tex/generic/ltxcmds/ltx
cmds.sty
Package: ltxcmds 2023-12-04 v1.26 LaTeX kernel commands for general use (HO)
)
(/opt/homebrew/Cellar/texlive/20260301/share/texmf-dist/tex/latex/kvsetkeys/kvs
etkeys.sty
Package: kvsetkeys 2022-10-05 v1.19 Key value parser (HO)
))
Package ubonn-thesis Info: No texlive option given - good! on input line 111.

ubonn-thesis: setting things up for a Master thesis.

(/opt/homebrew/Cellar/texlive/20260301/share/texmf-dist/tex/generic/iftex/iftex
.sty
Package: iftex 2024/12/12 v1.0g TeX engine tests
)
(/opt/homebrew/Cellar/texlive/20260301/share/texmf-dist/tex/latex/scrhack/scrha
ck.sty
Package: scrhack 2024-09-04 v3.42 scrhack emulation package
)
ubonn-thesis: using pdflatex and newtx fonts.

(/opt/homebrew/Cellar/texlive/20260301/share/texmf-dist/tex/generic/babel/babel
.sty
Package: babel 2026/02/14 v26.3 The multilingual framework for LuaLaTeX, pdfLaT
eX and XeLaTeX
\babel@savecnt=\count285
LaTeX Encoding Info:    Redeclaring text command \ij (encoding OT1) on input li
ne 2078.
LaTeX Encoding Info:    Redeclaring text command \IJ (encoding OT1) on input li
ne 2080.
LaTeX Encoding Info:    Redeclaring text command \ij (encoding T1) on input lin
e 2082.
LaTeX Encoding Info:    Redeclaring text command \IJ (encoding T1) on input lin
e 2083.
LaTeX Encoding Info:    Ignoring declaration for text command \ij (encoding ?) 
on input line 2084.
LaTeX Encoding Info:    Ignoring declaration for text command \IJ (encoding ?) 
on input line 2086.
LaTeX Encoding Info:    Ignoring declaration for text command \SS (encoding ?) 
on input line 2111.
\U@D=\dimen149
\l@unhyphenated=\language91

(/opt/homebrew/Cellar/texlive/20260301/share/texmf-dist/tex/generic/babel/txtba
bel.def)
\bbl@readstream=\read2
\bbl@dirlevel=\count286

(/opt/homebrew/Cellar/texlive/20260301/share/texmf-dist/tex/generic/babel/local
e/invalid/babel-ngerman.tex)
(/opt/homebrew/Cellar/texlive/20260301/share/texmf-dist/tex/generic/babel/local
e/en/babel-ukenglish.tex)
Package babel Info: Importing font and identification data for ngerman
(babel)             from babel-de.ini. Reported on input line 4330.

(/opt/homebrew/Cellar/texlive/20260301/share/texmf-dist/tex/generic/babel-germa
n/ngerman.ldf
Language: ngerman 

(/opt/homebrew/Cellar/texlive/20260301/share/texmf-dist/tex/generic/babel-germa
n/babel-german.def
Package babel Info: Making " an active character on input line 470.
))
Package babel Info: Importing font and identification data for UKenglish
(babel)             from babel-en-GB.ini. Reported on input line 4330.

(/opt/homebrew/Cellar/texlive/20260301/share/texmf-dist/tex/generic/babel-engli
sh/UKenglish.ldf
Language: UKenglish 2017/06/06 v3.3r English support from the babel system

(/opt/homebrew/Cellar/texlive/20260301/share/texmf-dist/tex/generic/babel-engli
sh/english.ldf
Language: english 2017/06/06 v3.3r English support from the babel system
Package babel Info: Hyphen rules for 'canadian' set to \l@english
(babel)             (\language0). Reported on input line 102.
Package babel Info: Hyphen rules for 'australian' set to \l@ukenglish
(babel)             (\language22). Reported on input line 105.
Package babel Info: Hyphen rules for 'newzealand' set to \l@ukenglish
(babel)             (\language22). Reported on input line 108.
)))
(/opt/homebrew/Cellar/texlive/20260301/share/texmf-dist/tex/generic/oberdiek/if
lang.sty
Package: iflang 2018/01/21 v1.7 Checks for the current language (HO)

(/opt/homebrew/Cellar/texlive/20260301/share/texmf-dist/tex/generic/infwarerr/i
nfwarerr.sty
Package: infwarerr 2019/12/03 v1.5 Providing info/warning/error messages (HO)
)
(/opt/homebrew/Cellar/texlive/20260301/share/texmf-dist/tex/generic/pdftexcmds/
pdftexcmds.sty
Package: pdftexcmds 2020-06-27 v0.33 Utility functions of pdfTeX for LuaTeX (HO
)
Package pdftexcmds Info: \pdf@primitive is available.
Package pdftexcmds Info: \pdf@ifprimitive is available.
Package pdftexcmds Info: \pdfdraftmode found.
)
Package iflang Info: Naming convention for patterns: babel.
)
ubonn-thesis: current language is UKenglish.
ubonn-thesis: setting language to english.
Class scrbook Info: File `scrsize11pt.clo' used to setup font sizes on input li
ne 284.

(/opt/homebrew/Cellar/texlive/20260301/share/texmf-dist/tex/latex/koma-script/s
crsize11pt.clo
File: scrsize11pt.clo 2026/02/02 v3.49.2 KOMA-Script font size class option (11
pt)
)
(/opt/homebrew/Cellar/texlive/20260301/share/texmf-dist/tex/latex/koma-script/s
crlayer-scrpage.sty
Package: scrlayer-scrpage 2026/02/02 v3.49.2 KOMA-Script package (end user inte
rface for scrlayer)

(/opt/homebrew/Cellar/texlive/20260301/share/texmf-dist/tex/latex/koma-script/s
crlayer.sty
Package: scrlayer 2026/02/02 v3.49.2 KOMA-Script package (defining layers and p
age styles)
Package scrlayer Info: patching LaTeX kernel macro \pagestyle on input line 217
9.
)
Package scrlayer-scrpage Info: Makeing stand-alone element `pagehead' from
(scrlayer-scrpage)             alias to `pageheadfoot' on input line 1106.
)
Package typearea Info: These are the values describing the layout:
(typearea)             DIV  = 12
(typearea)             BCOR = 0.0pt
(typearea)             \paperwidth      = 597.50793pt
(typearea)              \textwidth      = 448.13095pt
(typearea)              DIV departure   = -14%
(typearea)              \evensidemargin = 27.31467pt
(typearea)              \oddsidemargin  = -22.47766pt
(typearea)             \paperheight     = 845.04694pt
(typearea)              \textheight     = 609.40027pt
(typearea)              \topmargin      = -1.84941pt
(typearea)              \headheight     = 17.0pt
(typearea)              \headsep        = 20.40001pt
(typearea)              \topskip        = 11.0pt
(typearea)              \footskip       = 47.6pt
(typearea)              \baselineskip   = 13.6pt
(typearea)              on input line 304.
\UBNcoveroffset=\skip66

ubonn-thesis: set twoside option true.
Package typearea Info: These are the values describing the layout:
(typearea)             DIV  = 12
(typearea)             BCOR = 0.0pt
(typearea)             \paperwidth      = 597.50793pt
(typearea)              \textwidth      = 448.13095pt
(typearea)              DIV departure   = -14%
(typearea)              \evensidemargin = 27.31467pt
(typearea)              \oddsidemargin  = -22.47766pt
(typearea)             \paperheight     = 845.04694pt
(typearea)              \textheight     = 609.40027pt
(typearea)              \topmargin      = -1.84941pt
(typearea)              \headheight     = 17.0pt
(typearea)              \headsep        = 20.40001pt
(typearea)              \topskip        = 11.0pt
(typearea)              \footskip       = 47.6pt
(typearea)              \baselineskip   = 13.6pt
(typearea)              on input line 318.
ubonn_thesis: apply BCOR correction of 5mm.
Package typearea Info: These are the values describing the layout:
(typearea)             DIV  = 12
(typearea)             BCOR = 14.22636pt
(typearea)             \paperwidth      = 597.50793pt
(typearea)              \textwidth      = 437.46118pt
(typearea)              DIV departure   = -11%
(typearea)              \evensidemargin = 24.9436pt
(typearea)              \oddsidemargin  = -9.43683pt
(typearea)             \paperheight     = 845.04694pt
(typearea)              \textheight     = 609.40027pt
(typearea)              \topmargin      = -1.84941pt
(typearea)              \headheight     = 17.0pt
(typearea)              \headsep        = 20.40001pt
(typearea)              \topskip        = 11.0pt
(typearea)              \footskip       = 47.6pt
(typearea)              \baselineskip   = 13.6pt
(typearea)              on input line 318.
ubonn-thesis: centre cover/title page.
ubonn-thesis: setting fonts for pdflatex.

(/opt/homebrew/Cellar/texlive/20260301/share/texmf-dist/tex/latex/base/inputenc
.sty
Package: inputenc 2024/02/08 v1.3d Input encoding file
\inpenc@prehook=\toks18
\inpenc@posthook=\toks19
)
(/opt/homebrew/Cellar/texlive/20260301/share/texmf-dist/tex/latex/newtx/newtxte
xt.sty
Package: newtxtext 2024/04/01 v1.744(Michael Sharpe) latex and unicode latex su
pport for TeXGyreTermesX

`newtxtext' v1.744, 2024/04/01 Text macros taking advantage of TeXGyre Termes a
nd its extensions (msharpe)
(/opt/homebrew/Cellar/texlive/20260301/share/texmf-dist/tex/latex/xpatch/xpatch
.sty
(/opt/homebrew/Cellar/texlive/20260301/share/texmf-dist/tex/latex/l3kernel/expl
3.sty
Package: expl3 2026-01-19 L3 programming layer (loader) 

(/opt/homebrew/Cellar/texlive/20260301/share/texmf-dist/tex/latex/l3backend/l3b
ackend-pdftex.def
File: l3backend-pdftex.def 2025-10-09 L3 backend support: PDF output (pdfTeX)
\l__color_backend_stack_int=\count287
))
Package: xpatch 2020/03/25 v0.3a Extending etoolbox patching commands

(/opt/homebrew/Cellar/texlive/20260301/share/texmf-dist/tex/latex/l3packages/xp
arse/xparse.sty
Package: xparse 2025-10-09 L3 Experimental document command parser
)
(/opt/homebrew/Cellar/texlive/20260301/share/texmf-dist/tex/latex/etoolbox/etoo
lbox.sty
Package: etoolbox 2025/10/02 v2.5m e-TeX tools for LaTeX (JAW)
\etb@tempcnta=\count288
))
(/opt/homebrew/Cellar/texlive/20260301/share/texmf-dist/tex/latex/xcolor/xcolor
.sty
Package: xcolor 2024/09/29 v3.02 LaTeX color extensions (UK)

(/opt/homebrew/Cellar/texlive/20260301/share/texmf-dist/tex/latex/graphics-cfg/
color.cfg
File: color.cfg 2016/01/02 v1.6 sample color configuration
)
Package xcolor Info: Driver file: pdftex.def on input line 274.

(/opt/homebrew/Cellar/texlive/20260301/share/texmf-dist/tex/latex/graphics-def/
pdftex.def
File: pdftex.def 2025/09/29 v1.2d Graphics/color driver for pdftex
)
(/opt/homebrew/Cellar/texlive/20260301/share/texmf-dist/tex/latex/graphics/math
color.ltx)
Package xcolor Info: Model `cmy' substituted by `cmy0' on input line 1349.
Package xcolor Info: Model `hsb' substituted by `rgb' on input line 1353.
Package xcolor Info: Model `RGB' extended on input line 1365.
Package xcolor Info: Model `HTML' substituted by `rgb' on input line 1367.
Package xcolor Info: Model `Hsb' substituted by `hsb' on input line 1368.
Package xcolor Info: Model `tHsb' substituted by `hsb' on input line 1369.
Package xcolor Info: Model `HSB' substituted by `hsb' on input line 1370.
Package xcolor Info: Model `Gray' substituted by `gray' on input line 1371.
Package xcolor Info: Model `wave' substituted by `hsb' on input line 1372.
)
(/opt/homebrew/Cellar/texlive/20260301/share/texmf-dist/tex/latex/xkeyval/xkeyv
al.sty
Package: xkeyval 2025/11/04 v2.10 package option processing (HA)

(/opt/homebrew/Cellar/texlive/20260301/share/texmf-dist/tex/generic/xkeyval/xke
yval.tex
(/opt/homebrew/Cellar/texlive/20260301/share/texmf-dist/tex/generic/xkeyval/xkv
utils.tex
\XKV@toks=\toks20
\XKV@tempa@toks=\toks21
\XKV@tempb@toks=\toks22
)
\XKV@depth=\count289
File: xkeyval.tex 2014/12/03 v2.7a key=value parser (HA)
))
(/opt/homebrew/Cellar/texlive/20260301/share/texmf-dist/tex/latex/base/textcomp
.sty
Package: textcomp 2024/04/24 v2.1b Standard LaTeX package
)
(/opt/homebrew/Cellar/texlive/20260301/share/texmf-dist/tex/generic/xstring/xst
ring.sty
(/opt/homebrew/Cellar/texlive/20260301/share/texmf-dist/tex/generic/xstring/xst
ring.tex
\xs_counta=\count290
\xs_countb=\count291
)
Package: xstring 2023/08/22 v1.86 String manipulations (CT)
)
(/opt/homebrew/Cellar/texlive/20260301/share/texmf-dist/tex/latex/carlisle/scal
efnt.sty)
LaTeX Font Info:    Setting ntxLF sub-encoding to TS1/0 on input line 24.
LaTeX Font Info:    Setting ntxTLF sub-encoding to TS1/0 on input line 24.
LaTeX Font Info:    Setting ntxOsF sub-encoding to TS1/0 on input line 24.
LaTeX Font Info:    Setting ntxTOsF sub-encoding to TS1/0 on input line 24.

(/opt/homebrew/Cellar/texlive/20260301/share/texmf-dist/tex/generic/kastrup/bin
hex.tex)
\ntx@tmpcnta=\count292
\ntx@cnt=\count293

(/opt/homebrew/Cellar/texlive/20260301/share/texmf-dist/tex/latex/fontaxes/font
axes.sty
Package: fontaxes 2026-01-02 v2.0.2 Font selection axes (deprecated)
Applying: [2024-11-01] Use figureversions if present on input line 74.

(/opt/homebrew/Cellar/texlive/20260301/share/texmf-dist/tex/latex/figureversion
s/figureversions.sty
Package: figureversions 2025-04-29 v1.0.1 Figure versions
)
Already applied: [0000-00-00] Fall back to v1 on input line 76.
)
\tx@sixem=\dimen150
\tx@y=\dimen151
\tx@x=\dimen152
\tx@tmpdima=\dimen153
\tx@tmpdimb=\dimen154
\tx@tmpdimc=\dimen155
\tx@tmpdimd=\dimen156
\tx@tmpdime=\dimen157
\tx@tmpdimf=\dimen158
\tx@dimA=\dimen159
\tx@dimAA=\dimen160
\tx@dimB=\dimen161
\tx@dimBB=\dimen162
\tx@dimC=\dimen163
LaTeX Info: Redefining \oldstylenums on input line 902.
)
(/opt/homebrew/Cellar/texlive/20260301/share/texmf-dist/tex/latex/newtx/newtxma
th.sty
Package: newtxmath 2024/09/22 v1.754

`newtxmath' v1.754, 2024/09/22 Math macros based originally on txfonts (msharpe
)
(/opt/homebrew/Cellar/texlive/20260301/share/texmf-dist/tex/latex/amsmath/amsma
th.sty
Package: amsmath 2025/07/09 v2.17z AMS math features
\@mathmargin=\skip67

For additional information on amsmath, use the `?' option.

(/opt/homebrew/Cellar/texlive/20260301/share/texmf-dist/tex/latex/amsmath/amste
xt.sty
Package: amstext 2024/11/17 v2.01 AMS text

(/opt/homebrew/Cellar/texlive/20260301/share/texmf-dist/tex/latex/amsmath/amsge
n.sty
File: amsgen.sty 1999/11/30 v2.0 generic functions
\@emptytoks=\toks23
\ex@=\dimen164
))
(/opt/homebrew/Cellar/texlive/20260301/share/texmf-dist/tex/latex/amsmath/amsbs
y.sty
Package: amsbsy 1999/11/29 v1.2d Bold Symbols
\pmbraise@=\dimen165
)
(/opt/homebrew/Cellar/texlive/20260301/share/texmf-dist/tex/latex/amsmath/amsop
n.sty
Package: amsopn 2022/04/08 v2.04 operator names
)
\inf@bad=\count294
LaTeX Info: Redefining \frac on input line 233.
\uproot@=\count295
\leftroot@=\count296
LaTeX Info: Redefining \overline on input line 398.
LaTeX Info: Redefining \colon on input line 409.
\classnum@=\count297
\DOTSCASE@=\count298
LaTeX Info: Redefining \ldots on input line 495.
LaTeX Info: Redefining \dots on input line 498.
LaTeX Info: Redefining \cdots on input line 619.
\Mathstrutbox@=\box55
\strutbox@=\box56
LaTeX Info: Redefining \big on input line 721.
LaTeX Info: Redefining \Big on input line 722.
LaTeX Info: Redefining \bigg on input line 723.
LaTeX Info: Redefining \Bigg on input line 724.
\big@size=\dimen166
LaTeX Font Info:    Redeclaring font encoding OML on input line 742.
LaTeX Font Info:    Redeclaring font encoding OMS on input line 743.
\macc@depth=\count299
LaTeX Info: Redefining \bmod on input line 904.
LaTeX Info: Redefining \pmod on input line 909.
LaTeX Info: Redefining \smash on input line 939.
LaTeX Info: Redefining \relbar on input line 969.
LaTeX Info: Redefining \Relbar on input line 970.
\c@MaxMatrixCols=\count300
\dotsspace@=\muskip17
\c@parentequation=\count301
\dspbrk@lvl=\count302
\tag@help=\toks24
\row@=\count303
\column@=\count304
\maxfields@=\count305
\andhelp@=\toks25
\eqnshift@=\dimen167
\alignsep@=\dimen168
\tagshift@=\dimen169
\tagwidth@=\dimen170
\totwidth@=\dimen171
\lineht@=\dimen172
\@envbody=\toks26
\multlinegap=\skip68
\multlinetaggap=\skip69
\mathdisplay@stack=\toks27
LaTeX Info: Redefining \[ on input line 2950.
LaTeX Info: Redefining \] on input line 2951.
)
(/opt/homebrew/Cellar/texlive/20260301/share/texmf-dist/tex/latex/oberdiek/cent
ernot.sty
Package: centernot 2016/05/16 v1.4 Centers the not symbol horizontally (HO)
)
\tx@cntz=\count306

(/opt/homebrew/Cellar/texlive/20260301/share/texmf-dist/tex/generic/kastrup/bin
hex.tex)
\tx@Isdigit=\count307
\tx@IsAlNum=\count308
\tx@tA=\toks28
\tx@tB=\toks29
\tx@su=\read3

amsthm NOT loaded
LaTeX Font Info:    Redeclaring symbol font `operators' on input line 402.
LaTeX Font Info:    Overwriting symbol font `operators' in version `normal'
(Font)                  OT1/cmr/m/n --> OT1/minntx/m/n on input line 402.
LaTeX Font Info:    Overwriting symbol font `operators' in version `bold'
(Font)                  OT1/cmr/bx/n --> OT1/minntx/m/n on input line 402.
LaTeX Font Info:    Overwriting symbol font `operators' in version `bold'
(Font)                  OT1/minntx/m/n --> OT1/minntx/b/n on input line 403.
LaTeX Font Info:    Redeclaring math alphabet \mathsf on input line 410.
LaTeX Font Info:    Overwriting math alphabet `\mathsf' in version `normal'
(Font)                  OT1/cmss/m/n --> OT1/qhv/m/n on input line 410.
LaTeX Font Info:    Overwriting math alphabet `\mathsf' in version `bold'
(Font)                  OT1/cmss/bx/n --> OT1/qhv/m/n on input line 410.
LaTeX Font Info:    Overwriting math alphabet `\mathsf' in version `bold'
(Font)                  OT1/qhv/m/n --> OT1/qhv/b/n on input line 412.
LaTeX Font Info:    Redeclaring math alphabet \mathit on input line 419.
LaTeX Font Info:    Overwriting math alphabet `\mathit' in version `normal'
(Font)                  OT1/cmr/m/it --> OT1/minntx/m/it on input line 419.
LaTeX Font Info:    Overwriting math alphabet `\mathit' in version `bold'
(Font)                  OT1/cmr/bx/it --> OT1/minntx/m/it on input line 419.
LaTeX Font Info:    Redeclaring math alphabet \mathtt on input line 420.
LaTeX Font Info:    Overwriting math alphabet `\mathtt' in version `normal'
(Font)                  OT1/cmtt/m/n --> OT1/ntxtt/m/n on input line 420.
LaTeX Font Info:    Overwriting math alphabet `\mathtt' in version `bold'
(Font)                  OT1/cmtt/m/n --> OT1/ntxtt/m/n on input line 420.
LaTeX Font Info:    Redeclaring math alphabet \mathbf on input line 422.
LaTeX Font Info:    Overwriting math alphabet `\mathbf' in version `normal'
(Font)                  OT1/cmr/bx/n --> OT1/minntx/b/n on input line 422.
LaTeX Font Info:    Overwriting math alphabet `\mathbf' in version `bold'
(Font)                  OT1/cmr/bx/n --> OT1/minntx/b/n on input line 422.
LaTeX Font Info:    Overwriting math alphabet `\mathit' in version `bold'
(Font)                  OT1/minntx/m/it --> OT1/minntx/b/it on input line 423.
LaTeX Font Info:    Overwriting math alphabet `\mathtt' in version `bold'
(Font)                  OT1/ntxtt/m/n --> OT1/ntxtt/b/n on input line 426.
LaTeX Font Info:    Redeclaring symbol font `letters' on input line 534.
LaTeX Font Info:    Overwriting symbol font `letters' in version `normal'
(Font)                  OML/cmm/m/it --> OML/ntxmi/m/it on input line 534.
LaTeX Font Info:    Overwriting symbol font `letters' in version `bold'
(Font)                  OML/cmm/b/it --> OML/ntxmi/m/it on input line 534.
LaTeX Font Info:    Overwriting symbol font `letters' in version `bold'
(Font)                  OML/ntxmi/m/it --> OML/ntxmi/b/it on input line 535.
\symlettersA=\mathgroup4
LaTeX Font Info:    Overwriting symbol font `lettersA' in version `bold'
(Font)                  U/ntxmia/m/it --> U/ntxmia/b/it on input line 582.
Now handling font encoding LMS ...
... no UTF-8 mapping file for font encoding LMS
LaTeX Font Info:    Redeclaring symbol font `symbols' on input line 604.
LaTeX Font Info:    Encoding `OMS' has changed to `LMS' for symbol font
(Font)              `symbols' in the math version `normal' on input line 604.
LaTeX Font Info:    Overwriting symbol font `symbols' in version `normal'
(Font)                  OMS/cmsy/m/n --> LMS/ntxsy/m/n on input line 604.
LaTeX Font Info:    Encoding `OMS' has changed to `LMS' for symbol font
(Font)              `symbols' in the math version `bold' on input line 604.
LaTeX Font Info:    Overwriting symbol font `symbols' in version `bold'
(Font)                  OMS/cmsy/b/n --> LMS/ntxsy/m/n on input line 604.
LaTeX Font Info:    Overwriting symbol font `symbols' in version `bold'
(Font)                  LMS/ntxsy/m/n --> LMS/ntxsy/b/n on input line 605.
\symAMSm=\mathgroup5
LaTeX Font Info:    Overwriting symbol font `AMSm' in version `bold'
(Font)                  U/ntxsym/m/n --> U/ntxsym/b/n on input line 630.
\symsymbolsC=\mathgroup6
LaTeX Font Info:    Overwriting symbol font `symbolsC' in version `bold'
(Font)                  U/ntxsyc/m/n --> U/ntxsyc/b/n on input line 651.
Now handling font encoding LMX ...
... no UTF-8 mapping file for font encoding LMX
LaTeX Font Info:    Redeclaring symbol font `largesymbols' on input line 664.
LaTeX Font Info:    Encoding `OMX' has changed to `LMX' for symbol font
(Font)              `largesymbols' in the math version `normal' on input line 6
64.
LaTeX Font Info:    Overwriting symbol font `largesymbols' in version `normal'
(Font)                  OMX/cmex/m/n --> LMX/ntxexx/m/n on input line 664.
LaTeX Font Info:    Encoding `OMX' has changed to `LMX' for symbol font
(Font)              `largesymbols' in the math version `bold' on input line 664
.
LaTeX Font Info:    Overwriting symbol font `largesymbols' in version `bold'
(Font)                  OMX/cmex/m/n --> LMX/ntxexx/m/n on input line 664.
LaTeX Font Info:    Overwriting symbol font `largesymbols' in version `bold'
(Font)                  LMX/ntxexx/m/n --> LMX/ntxexx/b/n on input line 665.
\symlargesymbolsTXA=\mathgroup7
LaTeX Font Info:    Overwriting symbol font `largesymbolsTXA' in version `bold'

(Font)                  U/ntxexa/m/n --> U/ntxexa/b/n on input line 679.
\tx@sbptoks=\toks30
LaTeX Font Info:    Redeclaring math delimiter \lfloor on input line 902.
LaTeX Font Info:    Redeclaring math delimiter \rfloor on input line 903.
LaTeX Font Info:    Redeclaring math delimiter \lceil on input line 904.
LaTeX Font Info:    Redeclaring math delimiter \rceil on input line 905.
LaTeX Font Info:    Redeclaring math delimiter \lbrace on input line 910.
LaTeX Font Info:    Redeclaring math delimiter \rbrace on input line 911.
LaTeX Font Info:    Redeclaring math delimiter \langle on input line 913.
LaTeX Font Info:    Redeclaring math delimiter \rangle on input line 915.
LaTeX Font Info:    Redeclaring math delimiter \arrowvert on input line 919.
LaTeX Font Info:    Redeclaring math delimiter \vert on input line 920.
LaTeX Font Info:    Redeclaring math symbol \hbar on input line 966.
LaTeX Font Info:    Redeclaring math accent \dot on input line 991.
LaTeX Font Info:    Redeclaring math accent \ddot on input line 992.
LaTeX Font Info:    Redeclaring math accent \vec on input line 2057.
LaTeX Info: Redefining \Bbbk on input line 2847.
LaTeX Info: Redefining \not on input line 2995.
)
(/opt/homebrew/Cellar/texlive/20260301/share/texmf-dist/tex/latex/base/fontenc.
sty
Package: fontenc 2025/07/18 v2.1d Standard LaTeX package
LaTeX Font Info:    Trying to load font information for T1+minntx on input line
 116.

(/opt/homebrew/Cellar/texlive/20260301/share/texmf-dist/tex/latex/newtx/t1minnt
x.fd
File: t1minntx.fd 2023/09/09 v1.1 font definition file for T1/minntx
)
LaTeX Font Info:    Font shape `T1/minntx/m/n' will be
(Font)              scaled to size 10.95pt on input line 116.
)
(/opt/homebrew/Cellar/texlive/20260301/share/texmf-dist/tex/latex/csquotes/csqu
otes.sty
Package: csquotes 2024-04-04 v5.2o context-sensitive quotations (JAW)
\csq@reset=\count309
\csq@gtype=\count310
\csq@glevel=\count311
\csq@qlevel=\count312
\csq@maxlvl=\count313
\csq@tshold=\count314
\csq@ltx@everypar=\toks31

(/opt/homebrew/Cellar/texlive/20260301/share/texmf-dist/tex/latex/csquotes/csqu
otes.def
File: csquotes.def 2024-04-04 v5.2o csquotes generic definitions (JAW)
)
Package csquotes Info: Trying to load configuration file 'csquotes.cfg'...
Package csquotes Info: ... configuration file loaded successfully.

(/opt/homebrew/Cellar/texlive/20260301/share/texmf-dist/tex/latex/csquotes/csqu
otes.cfg
File: csquotes.cfg 
)
Package csquotes Info: Enabling multilingual quotes.
)
Package csquotes Info: Redefining alias 'british' -> 'myenglish'.
Package csquotes Info: Redefining alias 'UKenglish' -> 'myenglish'.

(/opt/homebrew/Cellar/texlive/20260301/share/texmf-dist/tex/latex/mathtools/mat
htools.sty
Package: mathtools 2024/10/04 v1.31 mathematical typesetting tools

(/opt/homebrew/Cellar/texlive/20260301/share/texmf-dist/tex/latex/tools/calc.st
y
Package: calc 2025/03/01 v4.3b Infix arithmetic (KKT,FJ)
\calc@Acount=\count315
\calc@Bcount=\count316
\calc@Adimen=\dimen173
\calc@Bdimen=\dimen174
\calc@Askip=\skip70
\calc@Bskip=\skip71
LaTeX Info: Redefining \setlength on input line 86.
LaTeX Info: Redefining \addtolength on input line 87.
\calc@Ccount=\count317
\calc@Cskip=\skip72
)
(/opt/homebrew/Cellar/texlive/20260301/share/texmf-dist/tex/latex/mathtools/mhs
etup.sty
Package: mhsetup 2021/03/18 v1.4 programming setup (MH)
)
\g_MT_multlinerow_int=\count318
\l_MT_multwidth_dim=\dimen175
\origjot=\skip73
\l_MT_shortvdotswithinadjustabove_dim=\dimen176
\l_MT_shortvdotswithinadjustbelow_dim=\dimen177
\l_MT_above_intertext_sep=\dimen178
\l_MT_below_intertext_sep=\dimen179
\l_MT_above_shortintertext_sep=\dimen180
\l_MT_below_shortintertext_sep=\dimen181
\xmathstrut@box=\box57
\xmathstrut@dim=\dimen182
)
(/opt/homebrew/Cellar/texlive/20260301/share/texmf-dist/tex/latex/xfrac/xfrac.s
ty
(/opt/homebrew/Cellar/texlive/20260301/share/texmf-dist/tex/latex/graphics/grap
hicx.sty
Package: graphicx 2024/12/31 v1.2e Enhanced LaTeX Graphics (DPC,SPQR)

(/opt/homebrew/Cellar/texlive/20260301/share/texmf-dist/tex/latex/graphics/grap
hics.sty
Package: graphics 2024/08/06 v1.4g Standard LaTeX Graphics (DPC,SPQR)

(/opt/homebrew/Cellar/texlive/20260301/share/texmf-dist/tex/latex/graphics/trig
.sty
Package: trig 2023/12/02 v1.11 sin cos tan (DPC)
)
(/opt/homebrew/Cellar/texlive/20260301/share/texmf-dist/tex/latex/graphics-cfg/
graphics.cfg
File: graphics.cfg 2016/06/04 v1.11 sample graphics configuration
)
Package graphics Info: Driver file: pdftex.def on input line 106.
)
\Gin@req@height=\dimen183
\Gin@req@width=\dimen184
)
Package: xfrac 2024-06-04 Split-level fractions
\l__xfrac_slash_box=\box58
\l__xfrac_tmp_box=\box59
\l__xfrac_denominator_bot_sep_dim=\dimen185
\l__xfrac_numerator_bot_sep_dim=\dimen186
\l__xfrac_numerator_top_sep_dim=\dimen187
\l__xfrac_slash_left_sep_dim=\dimen188
\l__xfrac_slash_right_sep_dim=\dimen189
\l__xfrac_slash_left_muskip=\muskip18
\l__xfrac_slash_right_muskip=\muskip19

LaTeX template Info: Declaring template type 'xfrac' taking 3 argument(s) on
(template)           line 100.


LaTeX template Info: Declaring instance 'cmr' of type xfrac on line 392.


LaTeX template Info: Declaring instance 'cmss' of type xfrac on line 392.


LaTeX template Info: Declaring instance 'cmtt' of type xfrac on line 392.

)
(/opt/homebrew/Cellar/texlive/20260301/share/texmf-dist/tex/latex/siunitx/siuni
tx.sty
Package: siunitx 2025-07-09 v3.4.14 A comprehensive (SI) units package
\l__siunitx_number_uncert_offset_int=\count319
\l__siunitx_number_exponent_fixed_int=\count320
\l__siunitx_number_min_decimal_int=\count321
\l__siunitx_number_min_integer_int=\count322
\l__siunitx_number_round_precision_int=\count323
\l__siunitx_number_lower_threshold_int=\count324
\l__siunitx_number_upper_threshold_int=\count325
\l__siunitx_number_group_first_int=\count326
\l__siunitx_number_group_size_int=\count327
\l__siunitx_number_group_minimum_int=\count328
\l__siunitx_angle_tmp_dim=\dimen190
\l__siunitx_angle_marker_box=\box60
\l__siunitx_angle_unit_box=\box61
\l__siunitx_compound_count_int=\count329

(/opt/homebrew/Cellar/texlive/20260301/share/texmf-dist/tex/latex/translations/
translations.sty
Package: translations 2022/02/05 v1.12 internationalization of LaTeX2e packages
 (CN)
)
\l__siunitx_table_tmp_box=\box62
\l__siunitx_table_tmp_dim=\dimen191
\l__siunitx_table_column_width_dim=\dimen192
\l__siunitx_table_integer_box=\box63
\l__siunitx_table_decimal_box=\box64
\l__siunitx_table_uncert_box=\box65
\l__siunitx_table_before_box=\box66
\l__siunitx_table_after_box=\box67
\l__siunitx_table_before_dim=\dimen193
\l__siunitx_table_carry_dim=\dimen194
\l__siunitx_unit_tmp_int=\count330
\l__siunitx_unit_position_int=\count331
\l__siunitx_unit_total_int=\count332

(/opt/homebrew/Cellar/texlive/20260301/share/texmf-dist/tex/latex/tools/array.s
ty
Package: array 2025/09/25 v2.6n Tabular extension package (FMi)
\col@sep=\dimen195
\ar@mcellbox=\box68
\extrarowheight=\dimen196
\NC@list=\toks32
\extratabsurround=\skip74
\backup@length=\skip75
\ar@cellbox=\box69
))

Package siunitx Info: Option "separate-uncertainty" has been deprecated in
(siunitx)             this release.
(siunitx)             
(siunitx)             Use "uncertainty-mode = separate" as a replacement.


Package siunitx Info: Option "detect-all" has been deprecated in this release.
(siunitx)             
(siunitx)             Use "mode = match, propagate-math-font = true,
(siunitx)             reset-math-version = false, reset-text-family = false,
(siunitx)             reset-text-series = false, reset-text-shape = false,
(siunitx)             text-family-to-math = true, text-series-to-math = true"
(siunitx)             as a replacement.

Package ubonn-thesis Info: Using siunitx version 3 options on input line 499.

(/opt/homebrew/Cellar/texlive/20260301/share/texmf-dist/tex/latex/caption/subca
ption.sty
Package: subcaption 2023/07/28 v1.6b Sub-captions (AR)

(/opt/homebrew/Cellar/texlive/20260301/share/texmf-dist/tex/latex/caption/capti
on.sty
Package: caption 2023/08/05 v3.6o Customizing captions (AR)

Package tocbasic Info: Loading of class-dependent code for package caption3
(tocbasic)             prevented on line 50.


(/opt/homebrew/Cellar/texlive/20260301/share/texmf-dist/tex/latex/caption/capti
on3.sty
Package: caption3 2023/07/31 v2.4d caption3 kernel (AR)
\caption@tempdima=\dimen197
\captionmargin=\dimen198
\caption@leftmargin=\dimen199
\caption@rightmargin=\dimen256
\caption@width=\dimen257
\caption@indent=\dimen258
\caption@parindent=\dimen259
\caption@hangindent=\dimen260
)
\c@caption@flags=\count333
\c@continuedfloat=\count334
)
Package caption Info: New subtype `subfigure' on input line 238.
\c@subfigure=\count335
Package caption Info: New subtype `subtable' on input line 238.
\c@subtable=\count336
)
(/opt/homebrew/Cellar/texlive/20260301/share/texmf-dist/tex/latex/graphics/rota
ting.sty
Package: rotating 2025/01/14 v2.16e rotated objects in LaTeX
\c@r@tfl@t=\count337
\rotFPtop=\skip76
\rotFPbot=\skip77
\rot@float@box=\box70
\rot@mess@toks=\toks33
)
(/opt/homebrew/Cellar/texlive/20260301/share/texmf-dist/tex/latex/booktabs/book
tabs.sty
Package: booktabs 2020/01/12 v1.61803398 Publication quality tables
\heavyrulewidth=\dimen261
\lightrulewidth=\dimen262
\cmidrulewidth=\dimen263
\belowrulesep=\dimen264
\belowbottomsep=\dimen265
\aboverulesep=\dimen266
\abovetopsep=\dimen267
\cmidrulesep=\dimen268
\cmidrulekern=\dimen269
\defaultaddspace=\dimen270
\@cmidla=\count338
\@cmidlb=\count339
\@aboverulesep=\dimen271
\@belowrulesep=\dimen272
\@thisruleclass=\count340
\@lastruleclass=\count341
\@thisrulewidth=\dimen273
)
(/opt/homebrew/Cellar/texlive/20260301/share/texmf-dist/tex/latex/tools/longtab
le.sty
Package: longtable 2025-10-13 v4.24 Multi-page Table package (DPC)
\LTleft=\skip78
\LTright=\skip79
\LTpre=\skip80
\LTpost=\skip81
\LTchunksize=\count342
\LTcapwidth=\dimen274
\LT@head=\box71
\LT@firsthead=\box72
\LT@foot=\box73
\LT@lastfoot=\box74
\LT@gbox=\box75
\LT@cols=\count343
\LT@rows=\count344
\c@LT@tables=\count345
\c@LT@chunks=\count346
\LT@p@ftn=\toks34
)
Class scrbook Info: longtable captions redefined on input line 536.

(/opt/homebrew/Cellar/texlive/20260301/share/texmf-dist/tex/latex/hepnames/hepn
icenames.sty
Package: hepnicenames 2014/12/01 Friendly alternatives to the PEN particle code
s (version 2.0)

(/opt/homebrew/Cellar/texlive/20260301/share/texmf-dist/tex/latex/hepnames/hepp
ennames.sty
Package: heppennames 2014/12/01 Elementary Particle Naming Scheme (version 2.0)


(/opt/homebrew/Cellar/texlive/20260301/share/texmf-dist/tex/latex/hepparticles/
hepparticles.sty
Package: hepparticles 2014/12/01 HEP particle typesetting (v2.0)

(/opt/homebrew/Cellar/texlive/20260301/share/texmf-dist/tex/latex/subdepth/subd
epth.sty
Package: subdepth 2007/09/02 v0.1 Unify subscript depths
)
LaTeX Font Info:    Overwriting math alphabet `\mathup' in version `bold'
(Font)                  OT1/minntx/m/n --> T1/minntx/bx/n on input line 110.
LaTeX Font Info:    Overwriting math alphabet `\mathsfup' in version `bold'
(Font)                  OT1/qhv/m/n --> T1/qhv/bx/n on input line 113.
LaTeX Font Info:    Overwriting math alphabet `\mathsfit' in version `bold'
(Font)                  T1/qhv/m/sl --> T1/qhv/bx/sl on input line 116.
)
(/opt/homebrew/Cellar/texlive/20260301/share/texmf-dist/tex/latex/tools/xspace.
sty
Package: xspace 2014/10/28 v1.13 Space after command names (DPC,MH)
)))
(/opt/homebrew/Cellar/texlive/20260301/share/texmf-dist/tex/latex/mhchem/mhchem
.sty
Package: mhchem 2024/01/29 v4.10 for typesetting chemical formulae

(/opt/homebrew/Cellar/texlive/20260301/share/texmf-dist/tex/latex/l3packages/l3
keys2e/l3keys2e.sty
Package: l3keys2e 2025-10-09 LaTeX2e option processing using LaTeX3 keys
)
(/opt/homebrew/Cellar/texlive/20260301/share/texmf-dist/tex/latex/chemgreek/che
mgreek.sty
Package: chemgreek 2020/01/16 v1.1a interface for upright Greek letters for use
 in chemistry (CN)
\l__chemgreek_tmpa_int=\count347
\g__chemgreek_tmpa_int=\count348
)
\l__mhchem_ce_distanceFromLastComma_int=\count349
\__mhchem_arrow_extPgfLength_skip=\skip82
\mhchem@minispace@tmp=\skip83
\mhchem@minibackspace@tmp=\skip84
\mhchem@bondwidth=\skip85
\mhchem@bondheight=\skip86
\mhchem@smallbondwidth@tmpA=\skip87
\mhchem@smallbondwidth@tmpB=\skip88
\mhchem@smallbondwidth=\skip89
\mhchem@bondtmp@minussidebearingleft=\skip90
\mhchem@bondtmp@minussidebearingright=\skip91
\l__mhchem_option_version_int=\count350
\mhchem@option@minusmathsidebearingleft=\dimen275
\mhchem@option@minusmathsidebearingright=\dimen276
\mhchem@option@minustextsidebearingleft=\dimen277
\mhchem@option@minustextsidebearingright=\dimen278
)
(/opt/homebrew/Cellar/texlive/20260301/share/texmf-dist/tex/latex/microtype/mic
rotype.sty
Package: microtype 2026/03/01 v3.2d Micro-typographical refinements (RS)
\MT@toks=\toks35
\MT@tempbox=\box76
\MT@count=\count351
LaTeX Info: Redefining \noprotrusionifhmode on input line 1084.
LaTeX Info: Redefining \leftprotrusion on input line 1085.
\MT@prot@toks=\toks36
LaTeX Info: Redefining \rightprotrusion on input line 1104.
LaTeX Info: Redefining \textls on input line 1449.
\MT@outer@kern=\dimen279
LaTeX Info: Redefining \microtypecontext on input line 2053.
LaTeX Info: Redefining \textmicrotypecontext on input line 2070.
\MT@listname@count=\count352

(/opt/homebrew/Cellar/texlive/20260301/share/texmf-dist/tex/latex/microtype/mic
rotype-pdftex.def
File: microtype-pdftex.def 2026/03/01 v3.2d Definitions specific to pdftex (RS)

LaTeX Info: Redefining \lsstyle on input line 944.
LaTeX Info: Redefining \lslig on input line 944.
\MT@outer@space=\skip92
)
Package microtype Info: Loading configuration file microtype.cfg.

(/opt/homebrew/Cellar/texlive/20260301/share/texmf-dist/tex/latex/microtype/mic
rotype.cfg
File: microtype.cfg 2026/03/01 v3.2d microtype main configuration file (RS)
)
LaTeX Info: Redefining \microtypesetup on input line 3065.
)
(/opt/homebrew/Cellar/texlive/20260301/share/texmf-dist/tex/latex/xcolor/svgnam
.def
File: svgnam.def 2024/09/29 v3.02 Predefined colors according to SVG 1.1 (UK)
)
(/opt/homebrew/Cellar/texlive/20260301/share/texmf-dist/tex/latex/setspace/sets
pace.sty
Package: setspace 2022/12/04 v6.7b set line spacing
)
(/opt/homebrew/Cellar/texlive/20260301/share/texmf-dist/tex/latex/setspaceenhan
ced/setspaceenhanced.sty
Package: setspaceenhanced 2024-11-12 v1.04 improved setspace package
)
(/opt/homebrew/Cellar/texlive/20260301/share/texmf-dist/tex/latex/koma-script/s
crdate.sty
Package: scrdate 2026/02/02 v3.49.2 KOMA-Script package (day of the week)
Package scrdate Info: Language naustrian not defined.
(scrdate)             \dayname@naustrian skipped.
Package scrdate Info: Language austrian not defined.
(scrdate)             \dayname@austrian skipped.
Package scrdate Info: Language nswissgerman not defined.
(scrdate)             \dayname@nswissgerman skipped.
Package scrdate Info: Language acadian not defined.
(scrdate)             \dayname@acadian skipped.
Package scrdate Info: Language canadien not defined.
(scrdate)             \dayname@canadien skipped.
)
(/opt/homebrew/Cellar/texlive/20260301/share/texmf-dist/tex/latex/koma-script/s
crtime.sty
Package: scrtime 2026/02/02 v3.49.2 KOMA-Script package (time of LaTeX run)
)
(/opt/homebrew/Cellar/texlive/20260301/share/texmf-dist/tex/latex/bookmark/book
mark.sty
Package: bookmark 2023-12-10 v1.31 PDF bookmarks (HO)

(/opt/homebrew/Cellar/texlive/20260301/share/texmf-dist/tex/latex/hyperref/hype
rref.sty
Package: hyperref 2026-01-29 v7.01p Hypertext links for LaTeX

(/opt/homebrew/Cellar/texlive/20260301/share/texmf-dist/tex/generic/kvdefinekey
s/kvdefinekeys.sty
Package: kvdefinekeys 2019-12-19 v1.6 Define keys (HO)
)
(/opt/homebrew/Cellar/texlive/20260301/share/texmf-dist/tex/generic/pdfescape/p
dfescape.sty
Package: pdfescape 2019/12/09 v1.15 Implements pdfTeX's escape features (HO)
)
(/opt/homebrew/Cellar/texlive/20260301/share/texmf-dist/tex/latex/hycolor/hycol
or.sty
Package: hycolor 2020-01-27 v1.10 Color options for hyperref/bookmark (HO)
)
(/opt/homebrew/Cellar/texlive/20260301/share/texmf-dist/tex/latex/hyperref/name
ref.sty
Package: nameref 2026-01-29 v2.58 Cross-referencing by name of section

(/opt/homebrew/Cellar/texlive/20260301/share/texmf-dist/tex/latex/refcount/refc
ount.sty
Package: refcount 2019/12/15 v3.6 Data extraction from label references (HO)
)
(/opt/homebrew/Cellar/texlive/20260301/share/texmf-dist/tex/generic/gettitlestr
ing/gettitlestring.sty
Package: gettitlestring 2019/12/15 v1.6 Cleanup title references (HO)
)
\c@section@level=\count353
)
(/opt/homebrew/Cellar/texlive/20260301/share/texmf-dist/tex/generic/stringenc/s
tringenc.sty
Package: stringenc 2019/11/29 v1.12 Convert strings between diff. encodings (HO
)
)
\@linkdim=\dimen280
\Hy@linkcounter=\count354
\Hy@pagecounter=\count355

(/opt/homebrew/Cellar/texlive/20260301/share/texmf-dist/tex/latex/hyperref/pd1e
nc.def
File: pd1enc.def 2026-01-29 v7.01p Hyperref: PDFDocEncoding definition (HO)
Now handling font encoding PD1 ...
... no UTF-8 mapping file for font encoding PD1
)
(/opt/homebrew/Cellar/texlive/20260301/share/texmf-dist/tex/generic/intcalc/int
calc.sty
Package: intcalc 2019/12/15 v1.3 Expandable calculations with integers (HO)
)
\Hy@SavedSpaceFactor=\count356

(/opt/homebrew/Cellar/texlive/20260301/share/texmf-dist/tex/latex/hyperref/puen
c.def
File: puenc.def 2026-01-29 v7.01p Hyperref: PDF Unicode definition (HO)
Now handling font encoding PU ...
... no UTF-8 mapping file for font encoding PU
)
Package hyperref Info: Hyper figures OFF on input line 4201.
Package hyperref Info: Link nesting OFF on input line 4206.
Package hyperref Info: Hyper index ON on input line 4209.
Package hyperref Info: Plain pages OFF on input line 4216.
Package hyperref Info: Backreferencing OFF on input line 4221.
Package hyperref Info: Implicit mode ON; LaTeX internals redefined.
Package hyperref Info: Bookmarks ON on input line 4468.
\c@Hy@tempcnt=\count357

(/opt/homebrew/Cellar/texlive/20260301/share/texmf-dist/tex/latex/url/url.sty
\Urlmuskip=\muskip20
Package: url 2013/09/16  ver 3.4  Verb mode for urls, etc.
)
LaTeX Info: Redefining \url on input line 4807.
\XeTeXLinkMargin=\dimen281

(/opt/homebrew/Cellar/texlive/20260301/share/texmf-dist/tex/generic/bitset/bits
et.sty
Package: bitset 2019/12/09 v1.3 Handle bit-vector datatype (HO)

(/opt/homebrew/Cellar/texlive/20260301/share/texmf-dist/tex/generic/bigintcalc/
bigintcalc.sty
Package: bigintcalc 2019/12/15 v1.5 Expandable calculations on big integers (HO
)
))
\Fld@menulength=\count358
\Field@Width=\dimen282
\Fld@charsize=\dimen283
Package hyperref Info: Hyper figures OFF on input line 6084.
Package hyperref Info: Link nesting OFF on input line 6089.
Package hyperref Info: Hyper index ON on input line 6092.
Package hyperref Info: backreferencing OFF on input line 6099.
Package hyperref Info: Link coloring OFF on input line 6104.
Package hyperref Info: Link coloring with OCG OFF on input line 6109.
Package hyperref Info: PDF/A mode OFF on input line 6114.
\Hy@abspage=\count359
\c@Item=\count360
\c@Hfootnote=\count361
)
Package hyperref Info: Driver (autodetected): hpdftex.

(/opt/homebrew/Cellar/texlive/20260301/share/texmf-dist/tex/latex/hyperref/hpdf
tex.def
File: hpdftex.def 2026-01-29 v7.01p Hyperref driver for pdfTeX
\Fld@listcount=\count362
\c@bookmark@seq@number=\count363

(/opt/homebrew/Cellar/texlive/20260301/share/texmf-dist/tex/latex/rerunfilechec
k/rerunfilecheck.sty
Package: rerunfilecheck 2025-06-21 v1.11 Rerun checks for auxiliary files (HO)

(/opt/homebrew/Cellar/texlive/20260301/share/texmf-dist/tex/generic/uniquecount
er/uniquecounter.sty
Package: uniquecounter 2019/12/15 v1.4 Provide unlimited unique counter (HO)
)
Package uniquecounter Info: New unique counter `rerunfilecheck' on input line 2
84.
)
\Hy@SectionHShift=\skip93
)
(/opt/homebrew/Cellar/texlive/20260301/share/texmf-dist/tex/latex/bookmark/bkm-
pdftex.def
File: bkm-pdftex.def 2023-12-10 v1.31 bookmark driver for pdfTeX and luaTeX (HO
)
\BKM@id=\count364
))

Package siunitx Info: Option "number-unit-product" has been deprecated in this
(siunitx)             release.
(siunitx)             
(siunitx)             Use "quantity-product = \valuesep " as a replacement.


(/opt/homebrew/Cellar/texlive/20260301/share/texmf-dist/tex/latex/biblatex/bibl
atex.sty
Package: biblatex 2025/07/10 v3.21 programmable bibliographies (PK/MW)

(/opt/homebrew/Cellar/texlive/20260301/share/texmf-dist/tex/latex/logreq/logreq
.sty
Package: logreq 2010/08/04 v1.0 xml request logger
\lrq@indent=\count365

(/opt/homebrew/Cellar/texlive/20260301/share/texmf-dist/tex/latex/logreq/logreq
.def
File: logreq.def 2010/08/04 v1.0 logreq spec v1.0
))
\c@tabx@nest=\count366
\c@listtotal=\count367
\c@listcount=\count368
\c@liststart=\count369
\c@liststop=\count370
\c@citecount=\count371
\c@citetotal=\count372
\c@multicitecount=\count373
\c@multicitetotal=\count374
\c@instcount=\count375
\c@maxnames=\count376
\c@minnames=\count377
\c@maxitems=\count378
\c@minitems=\count379
\c@citecounter=\count380
\c@maxcitecounter=\count381
\c@savedcitecounter=\count382
\c@uniquelist=\count383
\c@uniquename=\count384
\c@refsection=\count385
\c@refsegment=\count386
\c@maxextratitle=\count387
\c@maxextratitleyear=\count388
\c@maxextraname=\count389
\c@maxextradate=\count390
\c@maxextraalpha=\count391
\c@abbrvpenalty=\count392
\c@highnamepenalty=\count393
\c@lownamepenalty=\count394
\c@maxparens=\count395
\c@parenlevel=\count396
\blx@tempcnta=\count397
\blx@tempcntb=\count398
\blx@tempcntc=\count399
\c@blx@maxsection=\count400
\blx@maxsegment@0=\count401
\blx@notetype=\count402
\blx@parenlevel@text=\count403
\blx@parenlevel@foot=\count404
\blx@sectionciteorder@0=\count405
\blx@sectionciteorderinternal@0=\count406
\blx@entrysetcounter=\count407
\blx@biblioinstance=\count408
\labelnumberwidth=\skip94
\labelalphawidth=\skip95
\biblabelsep=\skip96
\bibitemsep=\skip97
\bibnamesep=\skip98
\bibinitsep=\skip99
\bibparsep=\skip100
\bibhang=\skip101
\blx@bcfin=\read4
\blx@bcfout=\write3
\blx@langwohyphens=\language92
\c@mincomprange=\count409
\c@maxcomprange=\count410
\c@mincompwidth=\count411
Package biblatex Info: Trying to load biblatex default data model...
Package biblatex Info: ... file 'blx-dm.def' found.

(/opt/homebrew/Cellar/texlive/20260301/share/texmf-dist/tex/latex/biblatex/blx-
dm.def
File: blx-dm.def 2025/07/10 v3.21 biblatex datamodel (PK/MW)
)
Package biblatex Info: Trying to load biblatex style data model...
Package biblatex Info: ... file 'authoryear.dbx' not found.
Package biblatex Info: Trying to load biblatex custom data model...
Package biblatex Info: ... file 'biblatex-dm.cfg' not found.
\c@afterword=\count412
\c@savedafterword=\count413
\c@annotator=\count414
\c@savedannotator=\count415
\c@author=\count416
\c@savedauthor=\count417
\c@bookauthor=\count418
\c@savedbookauthor=\count419
\c@commentator=\count420
\c@savedcommentator=\count421
\c@editor=\count422
\c@savededitor=\count423
\c@editora=\count424
\c@savededitora=\count425
\c@editorb=\count426
\c@savededitorb=\count427
\c@editorc=\count428
\c@savededitorc=\count429
\c@foreword=\count430
\c@savedforeword=\count431
\c@holder=\count432
\c@savedholder=\count433
\c@introduction=\count434
\c@savedintroduction=\count435
\c@namea=\count436
\c@savednamea=\count437
\c@nameb=\count438
\c@savednameb=\count439
\c@namec=\count440
\c@savednamec=\count441
\c@translator=\count442
\c@savedtranslator=\count443
\c@shortauthor=\count444
\c@savedshortauthor=\count445
\c@shorteditor=\count446
\c@savedshorteditor=\count447
\c@labelname=\count448
\c@savedlabelname=\count449
\c@institution=\count450
\c@savedinstitution=\count451
\c@lista=\count452
\c@savedlista=\count453
\c@listb=\count454
\c@savedlistb=\count455
\c@listc=\count456
\c@savedlistc=\count457
\c@listd=\count458
\c@savedlistd=\count459
\c@liste=\count460
\c@savedliste=\count461
\c@listf=\count462
\c@savedlistf=\count463
\c@location=\count464
\c@savedlocation=\count465
\c@organization=\count466
\c@savedorganization=\count467
\c@origlocation=\count468
\c@savedoriglocation=\count469
\c@origpublisher=\count470
\c@savedorigpublisher=\count471
\c@publisher=\count472
\c@savedpublisher=\count473
\c@language=\count474
\c@savedlanguage=\count475
\c@origlanguage=\count476
\c@savedoriglanguage=\count477
\c@pageref=\count478
\c@savedpageref=\count479
\shorthandwidth=\skip102
\shortjournalwidth=\skip103
\shortserieswidth=\skip104
\shorttitlewidth=\skip105
\shortauthorwidth=\skip106
\shorteditorwidth=\skip107
\locallabelnumberwidth=\skip108
\locallabelalphawidth=\skip109
\localshorthandwidth=\skip110
\localshortjournalwidth=\skip111
\localshortserieswidth=\skip112
\localshorttitlewidth=\skip113
\localshortauthorwidth=\skip114
\localshorteditorwidth=\skip115
Package biblatex Info: Trying to load compatibility code...
Package biblatex Info: ... file 'blx-compat.def' found.

(/opt/homebrew/Cellar/texlive/20260301/share/texmf-dist/tex/latex/biblatex/blx-
compat.def
File: blx-compat.def 2025/07/10 v3.21 biblatex compatibility (PK/MW)
)
Package biblatex Info: Trying to load generic definitions...
Package biblatex Info: ... file 'biblatex.def' found.

(/opt/homebrew/Cellar/texlive/20260301/share/texmf-dist/tex/latex/biblatex/bibl
atex.def
File: biblatex.def 2025/07/10 v3.21 biblatex compatibility (PK/MW)
\c@textcitecount=\count480
\c@textcitetotal=\count481
\c@textcitemaxnames=\count482
\c@biburlbigbreakpenalty=\count483
\c@biburlbreakpenalty=\count484
\c@biburlnumpenalty=\count485
\c@biburlucpenalty=\count486
\c@biburllcpenalty=\count487
\biburlbigskip=\muskip21
\biburlnumskip=\muskip22
\biburlucskip=\muskip23
\biburllcskip=\muskip24
\c@smartand=\count488
)
Package biblatex Info: Trying to load natbib compatibility...
Package biblatex Info: ... file 'blx-natbib.def' found.

(/opt/homebrew/Cellar/texlive/20260301/share/texmf-dist/tex/latex/biblatex/blx-
natbib.def
File: blx-natbib.def 2025/07/10 v3.21 biblatex compatibility (PK/MW)
Package biblatex Info: Delimiter 'nameyeardelim' in context '' already defined,
 overwriting.
)
Package biblatex Info: Trying to load bibliography style 'authoryear'...
Package biblatex Info: ... file 'authoryear.bbx' found.

(/opt/homebrew/Cellar/texlive/20260301/share/texmf-dist/tex/latex/biblatex/bbx/
authoryear.bbx
File: authoryear.bbx 2025/07/10 v3.21 biblatex bibliography style (PK/MW)
Package biblatex Info: Trying to load bibliography style 'standard'...
Package biblatex Info: ... file 'standard.bbx' found.

(/opt/homebrew/Cellar/texlive/20260301/share/texmf-dist/tex/latex/biblatex/bbx/
standard.bbx
File: standard.bbx 2025/07/10 v3.21 biblatex bibliography style (PK/MW)
\c@bbx:relatedcount=\count489
\c@bbx:relatedtotal=\count490
))
Package biblatex Info: Trying to load citation style 'authoryear'...
Package biblatex Info: ... file 'authoryear.cbx' found.

(/opt/homebrew/Cellar/texlive/20260301/share/texmf-dist/tex/latex/biblatex/cbx/
authoryear.cbx
File: authoryear.cbx 2025/07/10 v3.21 biblatex citation style (PK/MW)
Package biblatex Info: Redefining '\cite'.
Package biblatex Info: Redefining '\parencite'.
Package biblatex Info: Redefining '\footcite'.
Package biblatex Info: Redefining '\footcitetext'.
Package biblatex Info: Redefining '\smartcite'.
Package biblatex Info: Redefining '\textcite'.
Package biblatex Info: Redefining '\textcites'.
)
Package biblatex Info: Trying to load configuration file...
Package biblatex Info: ... file 'biblatex.cfg' found.

(/opt/homebrew/Cellar/texlive/20260301/share/texmf-dist/tex/latex/biblatex/bibl
atex.cfg
File: biblatex.cfg 
)
Package biblatex Info: Input encoding 'utf8' detected.
Package biblatex Info: Document encoding is UTF8 ....
Package biblatex Info: ... and expl3
(biblatex)             2026-01-19 L3 programming layer (loader) 
(biblatex)             is new enough (at least 2020/04/06),
(biblatex)             setting 'casechanger=expl3'.

(/opt/homebrew/Cellar/texlive/20260301/share/texmf-dist/tex/latex/biblatex/blx-
case-expl3.sty
Package: blx-case-expl3 2025/07/10 v3.21 expl3 case changing code for biblatex
))
Package hyperref Info: Option `colorlinks' set `true' on input line 974.
Package hyperref Info: Option `breaklinks' set `true' on input line 974.
Package hyperref Info: Option `bookmarksnumbered' set `true' on input line 976.

Package hyperref Info: Option `bookmarksopen' set `true' on input line 976.
Package hyperref Info: Option `unicode' set `true' on input line 977.
Package hyperref Info: Option `psdextra' set `true' on input line 977.

(/opt/homebrew/Cellar/texlive/20260301/share/texmf-dist/tex/latex/hyperref/psde
xtra.def
File: psdextra.def 2026-01-29 v7.01p Hyperref: Additions to PDF string support
)
ubonn-thesis: using cleveref.
ubonn-thesis: capitalise Fig. etc.

(/opt/homebrew/Cellar/texlive/20260301/share/texmf-dist/tex/latex/cleveref/clev
eref.sty
Package: cleveref 2018/03/27 v0.21.4 Intelligent cross-referencing
Package cleveref Info: `hyperref' support loaded on input line 2370.
LaTeX Info: Redefining \cref on input line 2370.
LaTeX Info: Redefining \Cref on input line 2370.
LaTeX Info: Redefining \crefrange on input line 2370.
LaTeX Info: Redefining \Crefrange on input line 2370.
LaTeX Info: Redefining \cpageref on input line 2370.
LaTeX Info: Redefining \Cpageref on input line 2370.
LaTeX Info: Redefining \cpagerefrange on input line 2370.
LaTeX Info: Redefining \Cpagerefrange on input line 2370.
LaTeX Info: Redefining \labelcref on input line 2370.
LaTeX Info: Redefining \labelcpageref on input line 2370.
Package cleveref Info: always capitalise cross-reference names on input line 78
25.
Package cleveref Info: always capitalise cross-reference names on input line 78
52.
)
==> First Aid for cleveref.sty applied!

Class scrbook Warning: Mapping of
(scrbook)               \setcapindent{0pt}
(scrbook)              to
(scrbook)               \captionsetup{indent=0.0pt}
(scrbook)              because the caption package is being used.
(scrbook)              When using the caption package, it is recommended
(scrbook)              to use the options of this package directly instead
(scrbook)              of the KOMA-Script setting on line 1154.

\figwidth=\skip116

Package typearea Warning: Bad type area settings!
(typearea)                The detected line width is about 19%
(typearea)                larger than the heuristically estimated maximum
(typearea)                limit of typographical good line width.
(typearea)                You should e.g. decrease DIV, increase fontsize
(typearea)                or change papersize.

Package typearea Info: These are the values describing the layout:
(typearea)             DIV  = 12
(typearea)             BCOR = 14.22636pt
(typearea)             \paperwidth      = 597.50793pt
(typearea)              \textwidth      = 437.46118pt
(typearea)              DIV departure   = -19%
(typearea)              \evensidemargin = 24.9436pt
(typearea)              \oddsidemargin  = -9.43683pt
(typearea)             \paperheight     = 845.04694pt
(typearea)              \textheight     = 609.40027pt
(typearea)              \topmargin      = -1.84941pt
(typearea)              \headheight     = 17.0pt
(typearea)              \headsep        = 20.40001pt
(typearea)              \topskip        = 11.0pt
(typearea)              \footskip       = 47.6pt
(typearea)              \baselineskip   = 13.6pt
(typearea)              on input line 1201.
) (./ubonn-biblatex.sty
Package: ubonn-biblatex 2025/12/12 Version 13.0.0 University of Bonn biblatex s
tyle

ubonn-biblatex: block set to none
ubonn-biblatex: maxbibnames set to 5
ubonn-biblatex: turning backref on
ubonn-biblatex: setting option date=year.
) (./thesis_defs.sty
ubonn-thesis: using siunitx version 3
)
LaTeX Font Info:    Trying to load font information for T1+ntxtlf on input line
 143.

(/opt/homebrew/Cellar/texlive/20260301/share/texmf-dist/tex/latex/newtx/t1ntxtl
f.fd
File: t1ntxtlf.fd 2021/05/24 v1.1 font definition file for T1/ntx/tlf
)
LaTeX Font Info:    Font shape `T1/ntxtlf/m/n' will be
(Font)              scaled to size 10.95pt on input line 143.
Package csquotes Info: Checking for multilingual support...
Package csquotes Info: ... found 'babel' package.
 (./sbi.aux
Package babel Info: 'ngerman' activates 'german' shorthands.
(babel)             Reported on input line 12.
 (./thesis_intro.aux) (./theoretical_background.aux)
(./methodology.aux) (./results.aux) (./discussion.aux) (./thesis_appendix.aux)
(./thesis_acknowledge.aux))
\openout1 = `sbi.aux'.

LaTeX Font Info:    Checking defaults for OML/ntxmi/m/it on input line 143.
LaTeX Font Info:    Trying to load font information for OML+ntxmi on input line
 143.

(/opt/homebrew/Cellar/texlive/20260301/share/texmf-dist/tex/latex/newtx/omlntxm
i.fd
File: omlntxmi.fd 2015/08/25 Fontinst v1.933 font definitions for OML/ntxmi.
)
LaTeX Font Info:    ... okay on input line 143.
LaTeX Font Info:    Checking defaults for OMS/cmsy/m/n on input line 143.
LaTeX Font Info:    ... okay on input line 143.
LaTeX Font Info:    Checking defaults for OT1/cmr/m/n on input line 143.
LaTeX Font Info:    ... okay on input line 143.
LaTeX Font Info:    Checking defaults for T1/cmr/m/n on input line 143.
LaTeX Font Info:    ... okay on input line 143.
LaTeX Font Info:    Checking defaults for TS1/cmr/m/n on input line 143.
LaTeX Font Info:    ... okay on input line 143.
LaTeX Font Info:    Checking defaults for OMX/cmex/m/n on input line 143.
LaTeX Font Info:    ... okay on input line 143.
LaTeX Font Info:    Checking defaults for U/ntxexa/m/n on input line 143.
LaTeX Font Info:    Trying to load font information for U+ntxexa on input line 
143.

(/opt/homebrew/Cellar/texlive/20260301/share/texmf-dist/tex/latex/newtx/untxexa
.fd
File: untxexa.fd 2012/04/16 Fontinst v1.933 font definitions for U/ntxexa.
)
LaTeX Font Info:    ... okay on input line 143.
LaTeX Font Info:    Checking defaults for LMS/ntxsy/m/n on input line 143.
LaTeX Font Info:    Trying to load font information for LMS+ntxsy on input line
 143.

(/opt/homebrew/Cellar/texlive/20260301/share/texmf-dist/tex/latex/newtx/lmsntxs
y.fd
File: lmsntxsy.fd 2016/07/02 Fontinst v1.933 font definitions for LMS/ntxsy.
)
LaTeX Font Info:    ... okay on input line 143.
LaTeX Font Info:    Checking defaults for LMX/ntxexx/m/n on input line 143.
LaTeX Font Info:    Trying to load font information for LMX+ntxexx on input lin
e 143.

(/opt/homebrew/Cellar/texlive/20260301/share/texmf-dist/tex/latex/newtx/lmxntxe
xx.fd
File: lmxntxexx.fd 2016/07/03 Fontinst v1.933 font definitions for LMX/ntxexx.
)
LaTeX Font Info:    ... okay on input line 143.
LaTeX Font Info:    Checking defaults for PD1/pdf/m/n on input line 143.
LaTeX Font Info:    ... okay on input line 143.
LaTeX Font Info:    Checking defaults for PU/pdf/m/n on input line 143.
LaTeX Font Info:    ... okay on input line 143.
Package scrbase Info: activating UKenglish \partname on input line 143.
Package scrbase Info: activating UKenglish \chaptername on input line 143.
Package scrbase Info: activating UKenglish \appendixname on input line 143.
Package scrbase Info: activating UKenglish \figurename on input line 143.
Package scrbase Info: activating UKenglish \tablename on input line 143.
Package scrbase Info: activating UKenglish \contentsname on input line 143.
Package scrbase Info: activating UKenglish \listfigurename on input line 143.
Package scrbase Info: activating UKenglish \listtablename on input line 143.
Package scrbase Info: activating UKenglish \bibname on input line 143.
Package scrbase Info: activating UKenglish \indexname on input line 143.

(/opt/homebrew/Cellar/texlive/20260301/share/texmf-dist/tex/context/base/mkii/s
upp-pdf.mkii
[Loading MPS to PDF converter (version 2006.09.02).]
\scratchcounter=\count491
\scratchdimen=\dimen284
\scratchbox=\box77
\nofMPsegments=\count492
\nofMParguments=\count493
\everyMPshowfont=\toks37
\MPscratchCnt=\count494
\MPscratchDim=\dimen285
\MPnumerator=\count495
\makeMPintoPDFobject=\count496
\everyMPtoPDFconversion=\toks38
)
(/opt/homebrew/Cellar/texlive/20260301/share/texmf-dist/tex/latex/epstopdf-pkg/
epstopdf-base.sty
Package: epstopdf-base 2020-01-24 v2.11 Base part for package epstopdf
Package epstopdf-base Info: Redefining graphics rule for `.eps' on input line 4
85.

(/opt/homebrew/Cellar/texlive/20260301/share/texmf-dist/tex/latex/latexconfig/e
pstopdf-sys.cfg
File: epstopdf-sys.cfg 2010/07/13 v1.3 Configuration of (r)epstopdf for TeX Liv
e
))
\c@mv@tabular=\count497
\c@mv@boldtabular=\count498
LaTeX Info: Command `\dddot' is already robust on input line 143.
LaTeX Info: Command `\ddddot' is already robust on input line 143.

(/opt/homebrew/Cellar/texlive/20260301/share/texmf-dist/tex/latex/translations/
translations-basic-dictionary-english.trsl
File: translations-basic-dictionary-english.trsl (english translation file `tra
nslations-basic-dictionary')
)
(/opt/homebrew/Cellar/texlive/20260301/share/texmf-dist/tex/latex/translations/
translations-basic-dictionary-german.trsl
File: translations-basic-dictionary-german.trsl (german translation file `trans
lations-basic-dictionary')
)
Package translations Info: loading dictionary `translations-basic-dictionary' f
or `german'. on input line 143.
Package caption Info: Begin \AtBeginDocument code.
Package caption Info: hyperref package is loaded.
Package caption Info: longtable package is loaded.

(/opt/homebrew/Cellar/texlive/20260301/share/texmf-dist/tex/latex/caption/ltcap
tion.sty
Package: ltcaption 2021/01/08 v1.4c longtable captions (AR)
)
Package caption Info: rotating package is loaded.
Package caption Info: End \AtBeginDocument code.

Package chemgreek Info: Activating mapping `newtx' on line 143.

LaTeX Info: Redefining \microtypecontext on input line 143.
Package microtype Info: Applying patch `item' on input line 143.
Package microtype Info: Applying patch `toc' on input line 143.
Package microtype Info: Applying patch `eqnum' on input line 143.
Package microtype Info: Applying patch `footnote' on input line 143.
Package microtype Info: Applying patch `verbatim' on input line 143.
LaTeX Info: Redefining \microtypesetup on input line 143.
Package microtype Info: Generating PDF output.
Package microtype Info: Character protrusion enabled (level 2).
Package microtype Info: Using default protrusion set `alltext'.
Package microtype Info: Automatic font expansion enabled (level 2),
(microtype)             stretch: 20, shrink: 20, step: 1, non-selected.
Package microtype Info: Using default expansion set `alltext-nott'.
Package microtype Info: Patching command `\showhyphens'.
Package microtype Info: No adjustment of tracking.
Package microtype Info: No adjustment of interword spacing.
Package microtype Info: No adjustment of character kerning.

(/opt/homebrew/Cellar/texlive/20260301/share/texmf-dist/tex/latex/microtype/mt-
ptm.cfg
File: mt-ptm.cfg 2006/04/20 v1.7 microtype config. file: Times (RS)
)
Package scrdate Info: \dategerman not defined.
(scrdate)             \todaysname probably cannot use \dayname@german.
Package scrdate Info: \dateswissgerman not defined.
(scrdate)             \todaysname probably cannot use \dayname@swissgerman.
Package scrdate Info: \dateamerican not defined.
(scrdate)             \todaysname probably cannot use \dayname@american.
Package scrdate Info: \dateaustralian not defined.
(scrdate)             \todaysname probably cannot use \dayname@australian.
Package scrdate Info: \datebritish not defined.
(scrdate)             \todaysname probably cannot use \dayname@british.
Package scrdate Info: \datecanadian not defined.
(scrdate)             \todaysname probably cannot use \dayname@canadian.
Package scrdate Info: \dateenglish not defined.
(scrdate)             \todaysname probably cannot use \dayname@english.
Package scrdate Info: \datenewzealand not defined.
(scrdate)             \todaysname probably cannot use \dayname@newzealand.
Package scrdate Info: \dateukenglish not defined.
(scrdate)             \todaysname probably cannot use \dayname@ukenglish.
Package scrdate Info: \dateUSenglish not defined.
(scrdate)             \todaysname probably cannot use \dayname@USenglish.
Package scrdate Info: \dateusenglish not defined.
(scrdate)             \todaysname probably cannot use \dayname@usenglish.
Package scrdate Info: \datefrancais not defined.
(scrdate)             \todaysname probably cannot use \dayname@francais.
Package scrdate Info: \datefrench not defined.
(scrdate)             \todaysname probably cannot use \dayname@french.
Package scrdate Info: \dateitalian not defined.
(scrdate)             \todaysname probably cannot use \dayname@italian.
Package scrdate Info: \datespanish not defined.
(scrdate)             \todaysname probably cannot use \dayname@spanish.
Package scrdate Info: \datecroatian not defined.
(scrdate)             \todaysname probably cannot use \dayname@croatian.
Package scrdate Info: \datedutch not defined.
(scrdate)             \todaysname probably cannot use \dayname@dutch.
Package scrdate Info: \datefinnish not defined.
(scrdate)             \todaysname probably cannot use \dayname@finnish.
Package scrdate Info: \datenorsk not defined.
(scrdate)             \todaysname probably cannot use \dayname@norsk.
Package scrdate Info: \datedanish not defined.
(scrdate)             \todaysname probably cannot use \dayname@danish.
Package scrdate Info: \dateswedish not defined.
(scrdate)             \todaysname probably cannot use \dayname@swedish.
Package scrdate Info: \datepolish not defined.
(scrdate)             \todaysname probably cannot use \dayname@polish.
Package scrdate Info: \dateczech not defined.
(scrdate)             \todaysname probably cannot use \dayname@czech.
Package scrdate Info: \dateslovak not defined.
(scrdate)             \todaysname probably cannot use \dayname@slovak.
Package hyperref Info: Link coloring ON on input line 143.
Package biblatex Info: Trying to load language 'UKenglish'...
Package biblatex Info: ... file 'UKenglish.lbx' found.

(/opt/homebrew/Cellar/texlive/20260301/share/texmf-dist/tex/latex/biblatex/lbx/
UKenglish.lbx
File: UKenglish.lbx 2025/07/10 v3.21 biblatex localization (PK/MW)
Package biblatex Info: Trying to load language 'british'...
Package biblatex Info: ... file 'british.lbx' found.

(/opt/homebrew/Cellar/texlive/20260301/share/texmf-dist/tex/latex/biblatex/lbx/
british.lbx
File: british.lbx 2025/07/10 v3.21 biblatex localization (PK/MW)
)
Package biblatex Info: Trying to load language 'british'...
Package biblatex Info: ... file 'british.lbx' found.

(/opt/homebrew/Cellar/texlive/20260301/share/texmf-dist/tex/latex/biblatex/lbx/
british.lbx
File: british.lbx 2025/07/10 v3.21 biblatex localization (PK/MW)
Package biblatex Info: Trying to load language 'english'...
Package biblatex Info: ... file 'english.lbx' found.

(/opt/homebrew/Cellar/texlive/20260301/share/texmf-dist/tex/latex/biblatex/lbx/
english.lbx
File: english.lbx 2025/07/10 v3.21 biblatex localization (PK/MW)
)))
Package biblatex Info: Trying to load language 'ngerman'...
Package biblatex Info: ... file 'ngerman.lbx' found.

(/opt/homebrew/Cellar/texlive/20260301/share/texmf-dist/tex/latex/biblatex/lbx/
ngerman.lbx
File: ngerman.lbx 2025/07/10 v3.21 biblatex localization (PK/MW)
Package biblatex Info: Trying to load language 'german'...
Package biblatex Info: ... file 'german.lbx' found.

(/opt/homebrew/Cellar/texlive/20260301/share/texmf-dist/tex/latex/biblatex/lbx/
german.lbx
File: german.lbx 2025/07/10 v3.21 biblatex localization (PK/MW)
)
Package biblatex Info: Trying to load language 'german'...
Package biblatex Info: ... file 'german.lbx' found.

(/opt/homebrew/Cellar/texlive/20260301/share/texmf-dist/tex/latex/biblatex/lbx/
german.lbx
File: german.lbx 2025/07/10 v3.21 biblatex localization (PK/MW)
))
Package biblatex Info: Input encoding 'utf8' detected.
Package biblatex Info: Automatic encoding selection.
(biblatex)             Assuming data encoding 'utf8'.
\openout3 = `sbi.bcf'.

Package biblatex Info: Trying to load bibliographic data...
Package biblatex Info: ... file 'sbi.bbl' found.
 (./sbi.bbl

Package biblatex Warning: The following entry could not be found
(biblatex)                in the database:
(biblatex)                latexwiki
(biblatex)                Please verify the spelling and rerun
(biblatex)                LaTeX afterwards.


Package biblatex Warning: The following entry could not be found
(biblatex)                in the database:
(biblatex)                noether1983invariante
(biblatex)                Please verify the spelling and rerun
(biblatex)                LaTeX afterwards.

)
Package biblatex Info: Reference section=0 on input line 143.
Package biblatex Info: Reference segment=0 on input line 143.

ubonn-thesis: thesis dedication not defined
(./cover/Master_Submit_Title.tex)
LaTeX Font Info:    Font shape `T1/ntxtlf/b/n' will be
(Font)              scaled to size 10.95pt on input line 146.
LaTeX Font Info:    Font shape `T1/ntxtlf/b/n' will be
(Font)              scaled to size 20.74pt on input line 146.
LaTeX Font Info:    Trying to load font information for OT1+minntx on input lin
e 146.

(/opt/homebrew/Cellar/texlive/20260301/share/texmf-dist/tex/latex/newtx/ot1minn
tx.fd
File: ot1minntx.fd 2023/09/09 v1.1 font definition file for OT1/minntx
)
LaTeX Font Info:    Font shape `OT1/minntx/m/n' will be
(Font)              scaled to size 10.95pt on input line 146.
Package microtype Info: Loading generic protrusion settings for font family
(microtype)             `minntx' (encoding: OT1).
(microtype)             For optimal results, create family-specific settings.
(microtype)             See the microtype manual for details.
LaTeX Font Info:    Font shape `OT1/minntx/m/n' will be
(Font)              scaled to size 8.0pt on input line 146.
LaTeX Font Info:    Font shape `OT1/minntx/m/n' will be
(Font)              scaled to size 6.1pt on input line 146.
LaTeX Font Info:    Font shape `OML/ntxmi/m/it' will be
(Font)              scaled to size 10.95pt on input line 146.
LaTeX Font Info:    Font shape `OML/ntxmi/m/it' will be
(Font)              scaled to size 8.0pt on input line 146.
LaTeX Font Info:    Font shape `OML/ntxmi/m/it' will be
(Font)              scaled to size 6.1pt on input line 146.
LaTeX Font Info:    Font shape `LMS/ntxsy/m/n' will be
(Font)              scaled to size 10.95pt on input line 146.
LaTeX Font Info:    Font shape `LMS/ntxsy/m/n' will be
(Font)              scaled to size 8.0pt on input line 146.
LaTeX Font Info:    Font shape `LMS/ntxsy/m/n' will be
(Font)              scaled to size 6.1pt on input line 146.
LaTeX Font Info:    Font shape `LMX/ntxexx/m/n' will be
(Font)              scaled to size 10.95pt on input line 146.
LaTeX Font Info:    Font shape `LMX/ntxexx/m/n' will be
(Font)              scaled to size 8.0pt on input line 146.
LaTeX Font Info:    Font shape `LMX/ntxexx/m/n' will be
(Font)              scaled to size 6.1pt on input line 146.
LaTeX Font Info:    Trying to load font information for U+ntxmia on input line 
146.

(/opt/homebrew/Cellar/texlive/20260301/share/texmf-dist/tex/latex/newtx/untxmia
.fd
File: untxmia.fd 2024/04/09 Fontinst v1.933 font definitions for U/ntxmia.
)
LaTeX Font Info:    Font shape `U/ntxmia/m/it' will be
(Font)              scaled to size 10.95pt on input line 146.
LaTeX Font Info:    Font shape `U/ntxmia/m/it' will be
(Font)              scaled to size 8.0pt on input line 146.
LaTeX Font Info:    Font shape `U/ntxmia/m/it' will be
(Font)              scaled to size 6.1pt on input line 146.
LaTeX Font Info:    Trying to load font information for U+ntxsym on input line 
146.

(/opt/homebrew/Cellar/texlive/20260301/share/texmf-dist/tex/latex/newtx/untxsym
.fd
File: untxsym.fd 2023/08/16 Fontinst v1.933 font definitions for U/ntxsym.
)
LaTeX Font Info:    Font shape `U/ntxsym/m/n' will be
(Font)              scaled to size 10.95pt on input line 146.
LaTeX Font Info:    Font shape `U/ntxsym/m/n' will be
(Font)              scaled to size 8.0pt on input line 146.
LaTeX Font Info:    Font shape `U/ntxsym/m/n' will be
(Font)              scaled to size 6.1pt on input line 146.
LaTeX Font Info:    Trying to load font information for U+ntxsyc on input line 
146.

(/opt/homebrew/Cellar/texlive/20260301/share/texmf-dist/tex/latex/newtx/untxsyc
.fd
File: untxsyc.fd 2012/04/12 Fontinst v1.933 font definitions for U/ntxsyc.
)
LaTeX Font Info:    Font shape `U/ntxsyc/m/n' will be
(Font)              scaled to size 10.95pt on input line 146.
LaTeX Font Info:    Font shape `U/ntxsyc/m/n' will be
(Font)              scaled to size 8.0pt on input line 146.
LaTeX Font Info:    Font shape `U/ntxsyc/m/n' will be
(Font)              scaled to size 6.1pt on input line 146.
LaTeX Font Info:    Font shape `U/ntxexa/m/n' will be
(Font)              scaled to size 10.95pt on input line 146.
LaTeX Font Info:    Font shape `U/ntxexa/m/n' will be
(Font)              scaled to size 8.0pt on input line 146.
LaTeX Font Info:    Font shape `U/ntxexa/m/n' will be
(Font)              scaled to size 6.1pt on input line 146.
LaTeX Font Info:    Font shape `T1/ntxtlf/m/n' will be
(Font)              scaled to size 14.4pt on input line 146.
LaTeX Font Info:    Font shape `OT1/minntx/m/n' will be
(Font)              scaled to size 14.4pt on input line 146.
LaTeX Font Info:    Font shape `OT1/minntx/m/n' will be
(Font)              scaled to size 10.5pt on input line 146.
LaTeX Font Info:    Font shape `OT1/minntx/m/n' will be
(Font)              scaled to size 7.9pt on input line 146.
LaTeX Font Info:    Font shape `OML/ntxmi/m/it' will be
(Font)              scaled to size 14.4pt on input line 146.
LaTeX Font Info:    Font shape `OML/ntxmi/m/it' will be
(Font)              scaled to size 10.5pt on input line 146.
LaTeX Font Info:    Font shape `OML/ntxmi/m/it' will be
(Font)              scaled to size 7.9pt on input line 146.
LaTeX Font Info:    Font shape `LMS/ntxsy/m/n' will be
(Font)              scaled to size 14.4pt on input line 146.
LaTeX Font Info:    Font shape `LMS/ntxsy/m/n' will be
(Font)              scaled to size 10.5pt on input line 146.
LaTeX Font Info:    Font shape `LMS/ntxsy/m/n' will be
(Font)              scaled to size 7.9pt on input line 146.
LaTeX Font Info:    Font shape `LMX/ntxexx/m/n' will be
(Font)              scaled to size 14.4pt on input line 146.
LaTeX Font Info:    Font shape `LMX/ntxexx/m/n' will be
(Font)              scaled to size 10.5pt on input line 146.
LaTeX Font Info:    Font shape `LMX/ntxexx/m/n' will be
(Font)              scaled to size 7.9pt on input line 146.
LaTeX Font Info:    Font shape `U/ntxmia/m/it' will be
(Font)              scaled to size 14.4pt on input line 146.
LaTeX Font Info:    Font shape `U/ntxmia/m/it' will be
(Font)              scaled to size 10.5pt on input line 146.
LaTeX Font Info:    Font shape `U/ntxmia/m/it' will be
(Font)              scaled to size 7.9pt on input line 146.
LaTeX Font Info:    Font shape `U/ntxsym/m/n' will be
(Font)              scaled to size 14.4pt on input line 146.
LaTeX Font Info:    Font shape `U/ntxsym/m/n' will be
(Font)              scaled to size 10.5pt on input line 146.
LaTeX Font Info:    Font shape `U/ntxsym/m/n' will be
(Font)              scaled to size 7.9pt on input line 146.
LaTeX Font Info:    Font shape `U/ntxsyc/m/n' will be
(Font)              scaled to size 14.4pt on input line 146.
LaTeX Font Info:    Font shape `U/ntxsyc/m/n' will be
(Font)              scaled to size 10.5pt on input line 146.
LaTeX Font Info:    Font shape `U/ntxsyc/m/n' will be
(Font)              scaled to size 7.9pt on input line 146.
LaTeX Font Info:    Font shape `U/ntxexa/m/n' will be
(Font)              scaled to size 14.4pt on input line 146.
LaTeX Font Info:    Font shape `U/ntxexa/m/n' will be
(Font)              scaled to size 10.5pt on input line 146.
LaTeX Font Info:    Font shape `U/ntxexa/m/n' will be
(Font)              scaled to size 7.9pt on input line 146.
LaTeX Font Info:    Font shape `T1/ntxtlf/m/n' will be
(Font)              scaled to size 17.28pt on input line 146.
Package cleveref Info: loaded `ngerman' language definitions on input line 146.

 [1







{/opt/homebrew/Cellar/texlive/20260301/share/texmf-dist/fonts/map/pdftex/updmap
/pdftex.map}{/opt/homebrew/Cellar/texlive/20260301/share/texmf-dist/fonts/enc/d
vips/newtx/ntx-ec-tlf.enc}]
Package cleveref Info: loaded `ngerman' language definitions on input line 146.

 [2

]
Document sbi, Info: Draft/submission version of a Masterthesis
LaTeX Font Info:    Trying to load font information for T1+qhv on input line 15
4.

(/opt/homebrew/Cellar/texlive/20260301/share/texmf-dist/tex/latex/tex-gyre/t1qh
v.fd
File: t1qhv.fd 2009/09/25 v1.2 font definition file for T1/qhv
)
LaTeX Font Info:    Font shape `T1/qhv/m/n' will be
(Font)              scaled to size 10.29301pt on input line 154.
Package microtype Info: Loading generic protrusion settings for font family
(microtype)             `qhv' (encoding: T1).
(microtype)             For optimal results, create family-specific settings.
(microtype)             See the microtype manual for details.
LaTeX Font Info:    Font shape `T1/qhv/b/n' will be
(Font)              scaled to size 10.29301pt on input line 154.
LaTeX Font Info:    Font shape `T1/qhv/b/n' will be
(Font)              scaled to size 19.49565pt on input line 154.
LaTeX Font Info:    Font shape `OT1/minntx/b/n' will be
(Font)              scaled to size 20.74pt on input line 154.
LaTeX Font Info:    Font shape `OT1/minntx/b/n' will be
(Font)              scaled to size 16.1pt on input line 154.
LaTeX Font Info:    Font shape `OT1/minntx/b/n' will be
(Font)              scaled to size 11.4pt on input line 154.
LaTeX Font Info:    Font shape `OML/ntxmi/b/it' will be
(Font)              scaled to size 20.74pt on input line 154.
LaTeX Font Info:    Font shape `OML/ntxmi/b/it' will be
(Font)              scaled to size 16.1pt on input line 154.
LaTeX Font Info:    Font shape `OML/ntxmi/b/it' will be
(Font)              scaled to size 11.4pt on input line 154.
LaTeX Font Info:    Font shape `LMS/ntxsy/b/n' will be
(Font)              scaled to size 20.74pt on input line 154.
LaTeX Font Info:    Font shape `LMS/ntxsy/b/n' will be
(Font)              scaled to size 16.1pt on input line 154.
LaTeX Font Info:    Font shape `LMS/ntxsy/b/n' will be
(Font)              scaled to size 11.4pt on input line 154.
LaTeX Font Info:    Font shape `LMX/ntxexx/b/n' will be
(Font)              scaled to size 20.74pt on input line 154.
LaTeX Font Info:    Font shape `LMX/ntxexx/b/n' will be
(Font)              scaled to size 16.1pt on input line 154.
LaTeX Font Info:    Font shape `LMX/ntxexx/b/n' will be
(Font)              scaled to size 11.4pt on input line 154.
LaTeX Font Info:    Font shape `U/ntxmia/b/it' will be
(Font)              scaled to size 20.74pt on input line 154.
LaTeX Font Info:    Font shape `U/ntxmia/b/it' will be
(Font)              scaled to size 16.1pt on input line 154.
LaTeX Font Info:    Font shape `U/ntxmia/b/it' will be
(Font)              scaled to size 11.4pt on input line 154.
LaTeX Font Info:    Font shape `U/ntxsym/b/n' will be
(Font)              scaled to size 20.74pt on input line 154.
LaTeX Font Info:    Font shape `U/ntxsym/b/n' will be
(Font)              scaled to size 16.1pt on input line 154.
LaTeX Font Info:    Font shape `U/ntxsym/b/n' will be
(Font)              scaled to size 11.4pt on input line 154.
LaTeX Font Info:    Font shape `U/ntxsyc/b/n' will be
(Font)              scaled to size 20.74pt on input line 154.
LaTeX Font Info:    Font shape `U/ntxsyc/b/n' will be
(Font)              scaled to size 16.1pt on input line 154.
LaTeX Font Info:    Font shape `U/ntxsyc/b/n' will be
(Font)              scaled to size 11.4pt on input line 154.
LaTeX Font Info:    Font shape `U/ntxexa/b/n' will be
(Font)              scaled to size 20.74pt on input line 154.
LaTeX Font Info:    Font shape `U/ntxexa/b/n' will be
(Font)              scaled to size 16.1pt on input line 154.
LaTeX Font Info:    Font shape `U/ntxexa/b/n' will be
(Font)              scaled to size 11.4pt on input line 154.
Package tocbasic Info: character protrusion at toc deactivated on input line 15
4.
 (./sbi.toc
Package cleveref Info: loaded `ngerman' language definitions on input line 2.
Package cleveref Info: loaded `ngerman' language definitions on input line 6.
LaTeX Font Info:    Font shape `OT1/minntx/b/n' will be
(Font)              scaled to size 10.95pt on input line 12.
LaTeX Font Info:    Font shape `OT1/minntx/b/n' will be
(Font)              scaled to size 8.0pt on input line 12.
LaTeX Font Info:    Font shape `OT1/minntx/b/n' will be
(Font)              scaled to size 6.1pt on input line 12.
LaTeX Font Info:    Font shape `OML/ntxmi/b/it' will be
(Font)              scaled to size 10.95pt on input line 12.
LaTeX Font Info:    Font shape `OML/ntxmi/b/it' will be
(Font)              scaled to size 8.0pt on input line 12.
LaTeX Font Info:    Font shape `OML/ntxmi/b/it' will be
(Font)              scaled to size 6.1pt on input line 12.
LaTeX Font Info:    Font shape `LMS/ntxsy/b/n' will be
(Font)              scaled to size 10.95pt on input line 12.
LaTeX Font Info:    Font shape `LMS/ntxsy/b/n' will be
(Font)              scaled to size 8.0pt on input line 12.
LaTeX Font Info:    Font shape `LMS/ntxsy/b/n' will be
(Font)              scaled to size 6.1pt on input line 12.
LaTeX Font Info:    Font shape `LMX/ntxexx/b/n' will be
(Font)              scaled to size 10.95pt on input line 12.
LaTeX Font Info:    Font shape `LMX/ntxexx/b/n' will be
(Font)              scaled to size 8.0pt on input line 12.
LaTeX Font Info:    Font shape `LMX/ntxexx/b/n' will be
(Font)              scaled to size 6.1pt on input line 12.
LaTeX Font Info:    Font shape `U/ntxmia/b/it' will be
(Font)              scaled to size 10.95pt on input line 12.
LaTeX Font Info:    Font shape `U/ntxmia/b/it' will be
(Font)              scaled to size 8.0pt on input line 12.
LaTeX Font Info:    Font shape `U/ntxmia/b/it' will be
(Font)              scaled to size 6.1pt on input line 12.
LaTeX Font Info:    Font shape `U/ntxsym/b/n' will be
(Font)              scaled to size 10.95pt on input line 12.
LaTeX Font Info:    Font shape `U/ntxsym/b/n' will be
(Font)              scaled to size 8.0pt on input line 12.
LaTeX Font Info:    Font shape `U/ntxsym/b/n' will be
(Font)              scaled to size 6.1pt on input line 12.
LaTeX Font Info:    Font shape `U/ntxsyc/b/n' will be
(Font)              scaled to size 10.95pt on input line 12.
LaTeX Font Info:    Font shape `U/ntxsyc/b/n' will be
(Font)              scaled to size 8.0pt on input line 12.
LaTeX Font Info:    Font shape `U/ntxsyc/b/n' will be
(Font)              scaled to size 6.1pt on input line 12.
LaTeX Font Info:    Font shape `U/ntxexa/b/n' will be
(Font)              scaled to size 10.95pt on input line 12.
LaTeX Font Info:    Font shape `U/ntxexa/b/n' will be
(Font)              scaled to size 8.0pt on input line 12.
LaTeX Font Info:    Font shape `U/ntxexa/b/n' will be
(Font)              scaled to size 6.1pt on input line 12.
 [3


{/opt/homebrew/Cellar/texlive/20260301/share/texmf-dist/fonts/enc/dvips/tex-gyr
e/q-ec.enc}])
\tf@toc=\write4
\openout4 = `sbi.toc'.

 [4] [1


]
\openout2 = `thesis_intro.aux'.

 (./thesis_intro.tex [2



]
chapter 1.
LaTeX Font Info:    Font shape `T1/qhv/b/n' will be
(Font)              scaled to size 13.53603pt on input line 4.
LaTeX Font Info:    Font shape `T1/qhv/b/n' will be
(Font)              scaled to size 23.38725pt on input line 4.
[3] [4] [5]) [6]
\openout2 = `theoretical_background.aux'.

 (./theoretical_background.tex
chapter 2.

LaTeX Warning: Citation 'noether1983invariante' on page 7 undefined on input li
ne 9.


Underfull \vbox (badness 2903) has occurred while \output is active []

 [7





]
LaTeX Font Info:    Font shape `T1/ntxtlf/m/n' will be
(Font)              scaled to size 8.0pt on input line 25.
LaTeX Font Info:    Font shape `T1/ntxtlf/m/n' will be
(Font)              scaled to size 6.1pt on input line 25.

[8]) [9{/opt/homebrew/Cellar/texlive/20260301/share/texmf-dist/fonts/enc/dvips/
newtx/ntx-ot1-tlf.enc}]
\openout2 = `methodology.aux'.

 (./methodology.tex [10





]
chapter 3.
LaTeX Font Info:    Font shape `T1/qhv/b/n' will be
(Font)              scaled to size 11.28003pt on input line 10.
)
Underfull \vbox (badness 8151) has occurred while \output is active []

 [11]
[12]
\openout2 = `results.aux'.

 (./results.tex
chapter 4.
) [13





]
\openout2 = `discussion.aux'.

 (./discussion.tex [14





]
chapter 5.
) [15]
\openout2 = `thesis_appendix.aux'.

 (./thesis_appendix.tex [16





]
chapter A.

LaTeX Warning: Citation 'latexwiki' on page 17 undefined on input line 11.

) [17] [18




]
chapter without number
LaTeX Font Info:    Font shape `T1/ntxtlf/m/it' will be
(Font)              scaled to size 10.95pt on input line 195.
LaTeX Font Info:    Trying to load font information for T1+ntxtt on input line 
195.

(/opt/homebrew/Cellar/texlive/20260301/share/texmf-dist/tex/latex/newtx/t1ntxtt
.fd
File: t1ntxtt.fd 2012/04/20 v3.1
)
LaTeX Font Info:    Font shape `T1/ntxtt/m/n' will be
(Font)              scaled to size 10.95pt on input line 195.
Package microtype Info: Loading generic protrusion settings for font family
(microtype)             `ntxtt' (encoding: T1).
(microtype)             For optimal results, create family-specific settings.
(microtype)             See the microtype manual for details.
 [19]
LaTeX Font Info:    Trying to load font information for TS1+ntxtlf on input lin
e 195.

(/opt/homebrew/Cellar/texlive/20260301/share/texmf-dist/tex/latex/newtx/ts1ntxt
lf.fd
File: ts1ntxtlf.fd 2015/01/18 v1.0 fd file for TS1/ntxtlf
)
LaTeX Font Info:    Font shape `TS1/ntxtlf/m/it' will be
(Font)              scaled to size 10.95pt on input line 195.
 [20] [21{/opt/homebrew/Cellar/texlive/20260301/share/texmf-dist/fonts/enc/dvip
s/tex-gyre/q-ts1.enc}] [22


]
Package tocbasic Info: character protrusion at lof deactivated on input line 21
3.
 (./sbi.lof
Package cleveref Info: loaded `ngerman' language definitions on input line 2.
Package cleveref Info: loaded `ngerman' language definitions on input line 6.
)
\tf@lof=\write5
\openout5 = `sbi.lof'.

 [23


] [24


]
Package tocbasic Info: character protrusion at lot deactivated on input line 21
4.
 (./sbi.lot
Package cleveref Info: loaded `ngerman' language definitions on input line 2.
Package cleveref Info: loaded `ngerman' language definitions on input line 6.
)
\tf@lot=\write6
\openout6 = `sbi.lot'.

 [25]
\openout2 = `thesis_acknowledge.aux'.


(./thesis_acknowledge.tex [26



]) [27] (./sbi.aux
Package cleveref Info: loaded `ngerman' language definitions on input line 12.
Package cleveref Info: loaded `ngerman' language definitions on input line 16.
 (./thesis_intro.aux)
(./theoretical_background.aux) (./methodology.aux) (./results.aux)
(./discussion.aux) (./thesis_appendix.aux) (./thesis_acknowledge.aux))
 ***********
LaTeX2e <2025-11-01>
L3 programming layer <2020/03/25>
 ***********
Package logreq Info: Writing requests to 'sbi.run.xml'.
\openout1 = `sbi.run.xml'.

 ) 
Here is how much of TeX's memory you used:
 43093 strings out of 467525
 871801 string characters out of 5408440
 1943291 words of memory out of 5000000
 71122 multiletter control sequences out of 15000+600000
 742199 words of font info for 268 fonts, out of 8000000 for 9000
 1143 hyphenation exceptions out of 8191
 108i,20n,147p,11206b,5038s stack positions out of 10000i,1000n,20000p,200000b,200000s
</opt/homebrew/Cellar/texlive/20260301/share/texmf-dist/fonts/type1/public/ne
wtx/NewTXMI.pfb></opt/homebrew/Cellar/texlive/20260301/share/texmf-dist/fonts/t
ype1/public/newtx/NewTXMI7.pfb></opt/homebrew/Cellar/texlive/20260301/share/tex
mf-dist/fonts/type1/public/tex-gyre/qhvb.pfb></opt/homebrew/Cellar/texlive/2026
0301/share/texmf-dist/fonts/type1/public/tex-gyre/qtmri.pfb></opt/homebrew/Cell
ar/texlive/20260301/share/texmf-dist/fonts/type1/public/txfonts/t1xtt.pfb></opt
/homebrew/Cellar/texlive/20260301/share/texmf-dist/fonts/type1/public/newtx/txe
xs.pfb></opt/homebrew/Cellar/texlive/20260301/share/texmf-dist/fonts/type1/publ
ic/newtx/txmiaX.pfb></opt/homebrew/Cellar/texlive/20260301/share/texmf-dist/fon
ts/type1/public/newtx/txsys.pfb></opt/homebrew/Cellar/texlive/20260301/share/te
xmf-dist/fonts/type1/public/newtx/ztmb.pfb></opt/homebrew/Cellar/texlive/202603
01/share/texmf-dist/fonts/type1/public/newtx/ztmr.pfb></opt/homebrew/Cellar/tex
live/20260301/share/texmf-dist/fonts/type1/public/newtx/ztmri.pfb>
Output written on sbi.pdf (31 pages, 258752 bytes).
PDF statistics:
 613 PDF objects out of 1000 (max. 8388607)
 551 compressed objects within 6 object streams
 125 named destinations out of 1000 (max. 500000)
 43801 words of extra memory for PDF output out of 51595 (max. 10000000)

